@ Aligning 2024_16_H...
Looking to launch executable "/gpfs1/sw/rh9/pkgs/bwa-mem2/2.2.1/bwa-mem2.avx512bw", simd = .avx512bw
Launching executable "/gpfs1/sw/rh9/pkgs/bwa-mem2/2.2.1/bwa-mem2.avx512bw"

Please verify that both the operating system and the processor support Intel(R) X87, CMOV, MMX, FXSAVE, SSE, SSE2, SSE3, SSSE3, SSE4_1, SSE4_2, MOVBE, POPCNT, F16C, AVX, FMA, BMI, LZCNT, AVX2, AVX512DQ, AVX512F, ADX, AVX512CD, AVX512BW, AVX512VL and CLWB instructions.

@ Aligning 2024_16_J...
Looking to launch executable "/gpfs1/sw/rh9/pkgs/bwa-mem2/2.2.1/bwa-mem2.avx512bw", simd = .avx512bw
Launching executable "/gpfs1/sw/rh9/pkgs/bwa-mem2/2.2.1/bwa-mem2.avx512bw"

Please verify that both the operating system and the processor support Intel(R) X87, CMOV, MMX, FXSAVE, SSE, SSE2, SSE3, SSSE3, SSE4_1, SSE4_2, MOVBE, POPCNT, F16C, AVX, FMA, BMI, LZCNT, AVX2, AVX512DQ, AVX512F, ADX, AVX512CD, AVX512BW, AVX512VL and CLWB instructions.

@ Aligning 2024_17_F...
Looking to launch executable "/gpfs1/sw/rh9/pkgs/bwa-mem2/2.2.1/bwa-mem2.avx512bw", simd = .avx512bw
Launching executable "/gpfs1/sw/rh9/pkgs/bwa-mem2/2.2.1/bwa-mem2.avx512bw"

Please verify that both the operating system and the processor support Intel(R) X87, CMOV, MMX, FXSAVE, SSE, SSE2, SSE3, SSSE3, SSE4_1, SSE4_2, MOVBE, POPCNT, F16C, AVX, FMA, BMI, LZCNT, AVX2, AVX512DQ, AVX512F, ADX, AVX512CD, AVX512BW, AVX512VL and CLWB instructions.

@ Aligning 2024_18_F...
Looking to launch executable "/gpfs1/sw/rh9/pkgs/bwa-mem2/2.2.1/bwa-mem2.avx512bw", simd = .avx512bw
Launching executable "/gpfs1/sw/rh9/pkgs/bwa-mem2/2.2.1/bwa-mem2.avx512bw"

Please verify that both the operating system and the processor support Intel(R) X87, CMOV, MMX, FXSAVE, SSE, SSE2, SSE3, SSSE3, SSE4_1, SSE4_2, MOVBE, POPCNT, F16C, AVX, FMA, BMI, LZCNT, AVX2, AVX512DQ, AVX512F, ADX, AVX512CD, AVX512BW, AVX512VL and CLWB instructions.

@ Aligning 2024_32_D...
Looking to launch executable "/gpfs1/sw/rh9/pkgs/bwa-mem2/2.2.1/bwa-mem2.avx512bw", simd = .avx512bw
Launching executable "/gpfs1/sw/rh9/pkgs/bwa-mem2/2.2.1/bwa-mem2.avx512bw"

Please verify that both the operating system and the processor support Intel(R) X87, CMOV, MMX, FXSAVE, SSE, SSE2, SSE3, SSSE3, SSE4_1, SSE4_2, MOVBE, POPCNT, F16C, AVX, FMA, BMI, LZCNT, AVX2, AVX512DQ, AVX512F, ADX, AVX512CD, AVX512BW, AVX512VL and CLWB instructions.

@ Aligning 2024_33_M...
Looking to launch executable "/gpfs1/sw/rh9/pkgs/bwa-mem2/2.2.1/bwa-mem2.avx512bw", simd = .avx512bw
Launching executable "/gpfs1/sw/rh9/pkgs/bwa-mem2/2.2.1/bwa-mem2.avx512bw"

Please verify that both the operating system and the processor support Intel(R) X87, CMOV, MMX, FXSAVE, SSE, SSE2, SSE3, SSSE3, SSE4_1, SSE4_2, MOVBE, POPCNT, F16C, AVX, FMA, BMI, LZCNT, AVX2, AVX512DQ, AVX512F, ADX, AVX512CD, AVX512BW, AVX512VL and CLWB instructions.

@ Aligning 2024_33_O...
Looking to launch executable "/gpfs1/sw/rh9/pkgs/bwa-mem2/2.2.1/bwa-mem2.avx512bw", simd = .avx512bw
Launching executable "/gpfs1/sw/rh9/pkgs/bwa-mem2/2.2.1/bwa-mem2.avx512bw"

Please verify that both the operating system and the processor support Intel(R) X87, CMOV, MMX, FXSAVE, SSE, SSE2, SSE3, SSSE3, SSE4_1, SSE4_2, MOVBE, POPCNT, F16C, AVX, FMA, BMI, LZCNT, AVX2, AVX512DQ, AVX512F, ADX, AVX512CD, AVX512BW, AVX512VL and CLWB instructions.

@ Aligning 2024_35_C...
Looking to launch executable "/gpfs1/sw/rh9/pkgs/bwa-mem2/2.2.1/bwa-mem2.avx512bw", simd = .avx512bw
Launching executable "/gpfs1/sw/rh9/pkgs/bwa-mem2/2.2.1/bwa-mem2.avx512bw"

Please verify that both the operating system and the processor support Intel(R) X87, CMOV, MMX, FXSAVE, SSE, SSE2, SSE3, SSSE3, SSE4_1, SSE4_2, MOVBE, POPCNT, F16C, AVX, FMA, BMI, LZCNT, AVX2, AVX512DQ, AVX512F, ADX, AVX512CD, AVX512BW, AVX512VL and CLWB instructions.

