@ Aligning 2024_16_H...
Looking to launch executable "/gpfs1/sw/rh9/pkgs/bwa-mem2/2.2.1/bwa-mem2.avx2", simd = .avx2
Launching executable "/gpfs1/sw/rh9/pkgs/bwa-mem2/2.2.1/bwa-mem2.avx2"
-----------------------------
Executing in AVX2 mode!!
-----------------------------
* SA compression enabled with xfactor: 8
* Ref file: /gpfs1/cl/ecogen/pbio6800/PopulationGenomics/ref_genome/Pmariana/Pmariana1.0-genome_reduced.fa
* Entering FMI_search
* Index file found. Loading index from /gpfs1/cl/ecogen/pbio6800/PopulationGenomics/ref_genome/Pmariana/Pmariana1.0-genome_reduced.fa.bwt.2bit.64
* Reference seq len for bi-index = 5855199825
* sentinel-index: 2317116625
* Count:
0,	1
1,	1783324060
2,	2927599913
3,	4071875766
4,	5855199825

* Reading other elements of the index from files /gpfs1/cl/ecogen/pbio6800/PopulationGenomics/ref_genome/Pmariana/Pmariana1.0-genome_reduced.fa
* Index prefix: /gpfs1/cl/ecogen/pbio6800/PopulationGenomics/ref_genome/Pmariana/Pmariana1.0-genome_reduced.fa
* Read 0 ALT contigs
* Done reading Index!!
* Reading reference genome..
* Binary seq file = /gpfs1/cl/ecogen/pbio6800/PopulationGenomics/ref_genome/Pmariana/Pmariana1.0-genome_reduced.fa.0123
* Reference genome size: 5855199824 bp
* Done reading reference genome !!

------------------------------------------
1. Memory pre-allocation for Chaining: 1393.3971 MB
2. Memory pre-allocation for BSW: 2396.1702 MB
3. Memory pre-allocation for BWT: 773.1418 MB
------------------------------------------
* Threads used (compute): 10
* No. of pipeline threads: 2

[0000] read_chunk: 100000000, work_chunk_size: 100000260, nseq: 732688
	[0000][ M::kt_pipeline] read 732688 sequences (100000260 bp)...
[0000] Reallocating initial memory allocations!!
[0000] Calling mem_process_seqs.., task: 0
[0000] 1. Calling kt_for - worker_bwt
[0000] read_chunk: 100000000, work_chunk_size: 100000133, nseq: 733496
	[0000][ M::kt_pipeline] read 733496 sequences (100000133 bp)...
[0000] 2. Calling kt_for - worker_aln
[0000] Inferring insert size distribution of PE reads from data, l_pac: 2927599912, n: 732688
[0000][PE] # candidate unique pairs for (FF, FR, RF, RR): (36, 151070, 132, 33)
[0000][PE] analyzing insert size distribution for orientation FF...
[0000][PE] (25, 50, 75) percentile: (496, 1057, 4464)
[0000][PE] low and high boundaries for computing mean and std.dev: (1, 12400)
[0000][PE] mean and std.dev: (2110.08, 2236.51)
[0000][PE] low and high boundaries for proper pairs: (1, 16368)
[0000][PE] analyzing insert size distribution for orientation FR...
[0000][PE] (25, 50, 75) percentile: (393, 496, 599)
[0000][PE] low and high boundaries for computing mean and std.dev: (1, 1011)
[0000][PE] mean and std.dev: (497.16, 154.32)
[0000][PE] low and high boundaries for proper pairs: (1, 1217)
[0000][PE] analyzing insert size distribution for orientation RF...
[0000][PE] (25, 50, 75) percentile: (439, 2565, 5607)
[0000][PE] low and high boundaries for computing mean and std.dev: (1, 15943)
[0000][PE] mean and std.dev: (3154.47, 2858.83)
[0000][PE] low and high boundaries for proper pairs: (1, 21111)
[0000][PE] analyzing insert size distribution for orientation RR...
[0000][PE] (25, 50, 75) percentile: (1035, 1305, 4609)
[0000][PE] low and high boundaries for computing mean and std.dev: (1, 11757)
[0000][PE] mean and std.dev: (2761.85, 2479.29)
[0000][PE] low and high boundaries for proper pairs: (1, 15331)
[0000][PE] skip orientation FF
[0000][PE] skip orientation RF
[0000][PE] skip orientation RR
[0000] 3. Calling kt_for - worker_sam
	[0000][ M::mem_process_seqs] Processed 732688 reads in 235.374 CPU sec, 24.133 real sec
[0000] Reallocating initial memory allocations!!
[0000] Calling mem_process_seqs.., task: 1
[0000] 1. Calling kt_for - worker_bwt
[0000] read_chunk: 100000000, work_chunk_size: 100000167, nseq: 735234
	[0000][ M::kt_pipeline] read 735234 sequences (100000167 bp)...
[0000] 2. Calling kt_for - worker_aln
[0000] Inferring insert size distribution of PE reads from data, l_pac: 2927599912, n: 733496
[0000][PE] # candidate unique pairs for (FF, FR, RF, RR): (31, 151277, 138, 37)
[0000][PE] analyzing insert size distribution for orientation FF...
[0000][PE] (25, 50, 75) percentile: (514, 1997, 4637)
[0000][PE] low and high boundaries for computing mean and std.dev: (1, 12883)
[0000][PE] mean and std.dev: (2387.94, 1898.56)
[0000][PE] low and high boundaries for proper pairs: (1, 17006)
[0000][PE] analyzing insert size distribution for orientation FR...
[0000][PE] (25, 50, 75) percentile: (394, 497, 600)
[0000][PE] low and high boundaries for computing mean and std.dev: (1, 1012)
[0000][PE] mean and std.dev: (498.08, 154.40)
[0000][PE] low and high boundaries for proper pairs: (1, 1218)
[0000][PE] analyzing insert size distribution for orientation RF...
[0000][PE] (25, 50, 75) percentile: (815, 3268, 6627)
[0000][PE] low and high boundaries for computing mean and std.dev: (1, 18251)
[0000][PE] mean and std.dev: (3753.96, 2964.40)
[0000][PE] low and high boundaries for proper pairs: (1, 24063)
[0000][PE] analyzing insert size distribution for orientation RR...
[0000][PE] (25, 50, 75) percentile: (327, 1116, 4443)
[0000][PE] low and high boundaries for computing mean and std.dev: (1, 12675)
[0000][PE] mean and std.dev: (2424.68, 2636.62)
[0000][PE] low and high boundaries for proper pairs: (1, 16791)
[0000][PE] skip orientation FF
[0000][PE] skip orientation RF
[0000][PE] skip orientation RR
[0000] 3. Calling kt_for - worker_sam
	[0000][ M::mem_process_seqs] Processed 733496 reads in 235.208 CPU sec, 24.006 real sec
[0000] Reallocating initial memory allocations!!
[0000] Calling mem_process_seqs.., task: 2
[0000] 1. Calling kt_for - worker_bwt
[0000] read_chunk: 100000000, work_chunk_size: 100000227, nseq: 735584
	[0000][ M::kt_pipeline] read 735584 sequences (100000227 bp)...
[0000] 2. Calling kt_for - worker_aln
[0000] Inferring insert size distribution of PE reads from data, l_pac: 2927599912, n: 735234
[0000][PE] # candidate unique pairs for (FF, FR, RF, RR): (40, 150638, 126, 33)
[0000][PE] analyzing insert size distribution for orientation FF...
[0000][PE] (25, 50, 75) percentile: (460, 2376, 4745)
[0000][PE] low and high boundaries for computing mean and std.dev: (1, 13315)
[0000][PE] mean and std.dev: (2799.85, 2373.60)
[0000][PE] low and high boundaries for proper pairs: (1, 17600)
[0000][PE] analyzing insert size distribution for orientation FR...
[0000][PE] (25, 50, 75) percentile: (399, 501, 605)
[0000][PE] low and high boundaries for computing mean and std.dev: (1, 1017)
[0000][PE] mean and std.dev: (502.75, 154.49)
[0000][PE] low and high boundaries for proper pairs: (1, 1223)
[0000][PE] analyzing insert size distribution for orientation RF...
[0000][PE] (25, 50, 75) percentile: (1008, 2519, 5565)
[0000][PE] low and high boundaries for computing mean and std.dev: (1, 14679)
[0000][PE] mean and std.dev: (3394.98, 2838.82)
[0000][PE] low and high boundaries for proper pairs: (1, 19236)
[0000][PE] analyzing insert size distribution for orientation RR...
[0000][PE] (25, 50, 75) percentile: (316, 1116, 2464)
[0000][PE] low and high boundaries for computing mean and std.dev: (1, 6760)
[0000][PE] mean and std.dev: (1710.00, 1646.95)
[0000][PE] low and high boundaries for proper pairs: (1, 8908)
[0000][PE] skip orientation FF
[0000][PE] skip orientation RF
[0000][PE] skip orientation RR
[0000] 3. Calling kt_for - worker_sam
	[0000][ M::mem_process_seqs] Processed 735234 reads in 238.077 CPU sec, 24.354 real sec
[0000] Reallocating initial memory allocations!!
[0000] Calling mem_process_seqs.., task: 3
[0000] 1. Calling kt_for - worker_bwt
[0000] read_chunk: 100000000, work_chunk_size: 100000051, nseq: 735012
	[0000][ M::kt_pipeline] read 735012 sequences (100000051 bp)...
[0000] 2. Calling kt_for - worker_aln
[0000] Inferring insert size distribution of PE reads from data, l_pac: 2927599912, n: 735584
[0000][PE] # candidate unique pairs for (FF, FR, RF, RR): (30, 151521, 121, 24)
[0000][PE] analyzing insert size distribution for orientation FF...
[0000][PE] (25, 50, 75) percentile: (264, 683, 2094)
[0000][PE] low and high boundaries for computing mean and std.dev: (1, 5754)
[0000][PE] mean and std.dev: (1005.39, 975.14)
[0000][PE] low and high boundaries for proper pairs: (1, 7584)
[0000][PE] analyzing insert size distribution for orientation FR...
[0000][PE] (25, 50, 75) percentile: (389, 491, 593)
[0000][PE] low and high boundaries for computing mean and std.dev: (1, 1001)
[0000][PE] mean and std.dev: (492.19, 153.02)
[0000][PE] low and high boundaries for proper pairs: (1, 1205)
[0000][PE] analyzing insert size distribution for orientation RF...
[0000][PE] (25, 50, 75) percentile: (184, 1708, 5558)
[0000][PE] low and high boundaries for computing mean and std.dev: (1, 16306)
[0000][PE] mean and std.dev: (2839.88, 2920.88)
[0000][PE] low and high boundaries for proper pairs: (1, 21680)
[0000][PE] analyzing insert size distribution for orientation RR...
[0000][PE] (25, 50, 75) percentile: (727, 1524, 3103)
[0000][PE] low and high boundaries for computing mean and std.dev: (1, 7855)
[0000][PE] mean and std.dev: (2064.91, 1892.43)
[0000][PE] low and high boundaries for proper pairs: (1, 10231)
[0000][PE] skip orientation FF
[0000][PE] skip orientation RF
[0000][PE] skip orientation RR
[0000] 3. Calling kt_for - worker_sam
	[0000][ M::mem_process_seqs] Processed 735584 reads in 235.443 CPU sec, 24.061 real sec
[0000] Calling mem_process_seqs.., task: 4
[0000] 1. Calling kt_for - worker_bwt
[0000] read_chunk: 100000000, work_chunk_size: 100000084, nseq: 738400
	[0000][ M::kt_pipeline] read 738400 sequences (100000084 bp)...
[0000] 2. Calling kt_for - worker_aln
[0000] Inferring insert size distribution of PE reads from data, l_pac: 2927599912, n: 735012
[0000][PE] # candidate unique pairs for (FF, FR, RF, RR): (30, 153805, 163, 31)
[0000][PE] analyzing insert size distribution for orientation FF...
[0000][PE] (25, 50, 75) percentile: (475, 1341, 4503)
[0000][PE] low and high boundaries for computing mean and std.dev: (1, 12559)
[0000][PE] mean and std.dev: (2505.70, 2589.66)
[0000][PE] low and high boundaries for proper pairs: (1, 16587)
[0000][PE] analyzing insert size distribution for orientation FR...
[0000][PE] (25, 50, 75) percentile: (374, 475, 577)
[0000][PE] low and high boundaries for computing mean and std.dev: (1, 983)
[0000][PE] mean and std.dev: (476.70, 149.93)
[0000][PE] low and high boundaries for proper pairs: (1, 1186)
[0000][PE] analyzing insert size distribution for orientation RF...
[0000][PE] (25, 50, 75) percentile: (464, 2803, 5823)
[0000][PE] low and high boundaries for computing mean and std.dev: (1, 16541)
[0000][PE] mean and std.dev: (3392.46, 2958.39)
[0000][PE] low and high boundaries for proper pairs: (1, 21900)
[0000][PE] analyzing insert size distribution for orientation RR...
[0000][PE] (25, 50, 75) percentile: (778, 1382, 4941)
[0000][PE] low and high boundaries for computing mean and std.dev: (1, 13267)
[0000][PE] mean and std.dev: (2688.58, 2549.65)
[0000][PE] low and high boundaries for proper pairs: (1, 17430)
[0000][PE] skip orientation FF
[0000][PE] skip orientation RF
[0000][PE] skip orientation RR
[0000] 3. Calling kt_for - worker_sam
	[0000][ M::mem_process_seqs] Processed 735012 reads in 231.188 CPU sec, 23.631 real sec
[0000] Reallocating initial memory allocations!!
[0000] Calling mem_process_seqs.., task: 5
[0000] 1. Calling kt_for - worker_bwt
[0000] read_chunk: 100000000, work_chunk_size: 7483056, nseq: 55082
	[0000][ M::kt_pipeline] read 55082 sequences (7483056 bp)...
[0000] 2. Calling kt_for - worker_aln
[0000] Inferring insert size distribution of PE reads from data, l_pac: 2927599912, n: 738400
[0000][PE] # candidate unique pairs for (FF, FR, RF, RR): (36, 154003, 130, 37)
[0000][PE] analyzing insert size distribution for orientation FF...
[0000][PE] (25, 50, 75) percentile: (475, 1585, 3010)
[0000][PE] low and high boundaries for computing mean and std.dev: (1, 8080)
[0000][PE] mean and std.dev: (2128.19, 1823.30)
[0000][PE] low and high boundaries for proper pairs: (1, 10615)
[0000][PE] analyzing insert size distribution for orientation FR...
[0000][PE] (25, 50, 75) percentile: (372, 475, 576)
[0000][PE] low and high boundaries for computing mean and std.dev: (1, 984)
[0000][PE] mean and std.dev: (475.80, 149.78)
[0000][PE] low and high boundaries for proper pairs: (1, 1188)
[0000][PE] analyzing insert size distribution for orientation RF...
[0000][PE] (25, 50, 75) percentile: (149, 1905, 4568)
[0000][PE] low and high boundaries for computing mean and std.dev: (1, 13406)
[0000][PE] mean and std.dev: (2700.07, 2826.54)
[0000][PE] low and high boundaries for proper pairs: (1, 17825)
[0000][PE] analyzing insert size distribution for orientation RR...
[0000][PE] (25, 50, 75) percentile: (510, 1118, 4410)
[0000][PE] low and high boundaries for computing mean and std.dev: (1, 12210)
[0000][PE] mean and std.dev: (2195.41, 2179.80)
[0000][PE] low and high boundaries for proper pairs: (1, 16110)
[0000][PE] skip orientation FF
[0000][PE] skip orientation RF
[0000][PE] skip orientation RR
[0000] 3. Calling kt_for - worker_sam
	[0000][ M::mem_process_seqs] Processed 738400 reads in 231.639 CPU sec, 23.621 real sec
[0000] Calling mem_process_seqs.., task: 6
[0000] 1. Calling kt_for - worker_bwt
[0000] 2. Calling kt_for - worker_aln
[0000] read_chunk: 100000000, work_chunk_size: 0, nseq: 0
[0000] Inferring insert size distribution of PE reads from data, l_pac: 2927599912, n: 55082
[0000][PE] # candidate unique pairs for (FF, FR, RF, RR): (0, 11608, 11, 0)
[0000][PE] skip orientation FF as there are not enough pairs
[0000][PE] analyzing insert size distribution for orientation FR...
[0000][PE] (25, 50, 75) percentile: (373, 476, 575)
[0000][PE] low and high boundaries for computing mean and std.dev: (1, 979)
[0000][PE] mean and std.dev: (476.92, 149.67)
[0000][PE] low and high boundaries for proper pairs: (1, 1181)
[0000][PE] analyzing insert size distribution for orientation RF...
[0000][PE] (25, 50, 75) percentile: (560, 896, 7024)
[0000][PE] low and high boundaries for computing mean and std.dev: (1, 19952)
[0000][PE] mean and std.dev: (3028.55, 3380.30)
[0000][PE] low and high boundaries for proper pairs: (1, 26416)
[0000][PE] skip orientation RR as there are not enough pairs
[0000][PE] skip orientation RF
[0000] 3. Calling kt_for - worker_sam
	[0000][ M::mem_process_seqs] Processed 55082 reads in 18.000 CPU sec, 1.964 real sec
[0000] read_chunk: 100000000, work_chunk_size: 0, nseq: 0
[0000] Computation ends..
No. of OMP threads: 10
Processor is running @2445.476320 MHz
Runtime profile:

	Time taken for main_mem function: 150.12 sec

	IO times (sec) :
	Reading IO time (reads) avg: 10.09, (10.09, 10.09)
	Writing IO time (SAM) avg: 5.79, (5.79, 5.79)
	Reading IO time (Reference Genome) avg: 0.90, (0.90, 0.90)
	Index read time avg: 1.82, (1.82, 1.82)

	Overall time (sec) (Excluding Index reading time):
	PROCESS() (Total compute time + (read + SAM) IO time) : 147.37
	MEM_PROCESS_SEQ() (Total compute time (Kernel + SAM)), avg: 145.77, (145.77, 145.77)

	 SAM Processing time (sec):
	--WORKER_SAM avg: 68.38, (68.38, 68.38)

	Kernels' compute time (sec):
	Total kernel (smem+sal+bsw) time avg: 77.11, (77.11, 77.11)
		SMEM compute avg: 27.86, (27.92, 27.79)
		SAL compute avg: 10.19, (10.26, 10.08)
				MEM_SA avg: 3.85, (3.88, 3.79)

		BSW time, avg: 35.48, (35.58, 35.37)

Important parameter settings: 
	BATCH_SIZE: 512
	MAX_SEQ_LEN_REF: 256
	MAX_SEQ_LEN_QER: 128
	MAX_SEQ_LEN8: 128
	SEEDS_PER_READ: 500
	SIMD_WIDTH8 X: 32
	SIMD_WIDTH16 X: 16
	AVG_SEEDS_PER_READ: 64
@ Aligning 2024_16_J...
Looking to launch executable "/gpfs1/sw/rh9/pkgs/bwa-mem2/2.2.1/bwa-mem2.avx2", simd = .avx2
Launching executable "/gpfs1/sw/rh9/pkgs/bwa-mem2/2.2.1/bwa-mem2.avx2"
-----------------------------
Executing in AVX2 mode!!
-----------------------------
* SA compression enabled with xfactor: 8
* Ref file: /gpfs1/cl/ecogen/pbio6800/PopulationGenomics/ref_genome/Pmariana/Pmariana1.0-genome_reduced.fa
* Entering FMI_search
* Index file found. Loading index from /gpfs1/cl/ecogen/pbio6800/PopulationGenomics/ref_genome/Pmariana/Pmariana1.0-genome_reduced.fa.bwt.2bit.64
* Reference seq len for bi-index = 5855199825
* sentinel-index: 2317116625
* Count:
0,	1
1,	1783324060
2,	2927599913
3,	4071875766
4,	5855199825

* Reading other elements of the index from files /gpfs1/cl/ecogen/pbio6800/PopulationGenomics/ref_genome/Pmariana/Pmariana1.0-genome_reduced.fa
* Index prefix: /gpfs1/cl/ecogen/pbio6800/PopulationGenomics/ref_genome/Pmariana/Pmariana1.0-genome_reduced.fa
* Read 0 ALT contigs
* Done reading Index!!
* Reading reference genome..
* Binary seq file = /gpfs1/cl/ecogen/pbio6800/PopulationGenomics/ref_genome/Pmariana/Pmariana1.0-genome_reduced.fa.0123
* Reference genome size: 5855199824 bp
* Done reading reference genome !!

------------------------------------------
1. Memory pre-allocation for Chaining: 1393.3971 MB
2. Memory pre-allocation for BSW: 2396.1702 MB
3. Memory pre-allocation for BWT: 773.1418 MB
------------------------------------------
* Threads used (compute): 10
* No. of pipeline threads: 2

[0000] read_chunk: 100000000, work_chunk_size: 7760476, nseq: 57104
	[0000][ M::kt_pipeline] read 57104 sequences (7760476 bp)...
[0000] Calling mem_process_seqs.., task: 0
[0000] read_chunk: 100000000, work_chunk_size: 0, nseq: 0
[0000] 1. Calling kt_for - worker_bwt
[0000] 2. Calling kt_for - worker_aln
[0000] Inferring insert size distribution of PE reads from data, l_pac: 2927599912, n: 57104
[0000][PE] # candidate unique pairs for (FF, FR, RF, RR): (3, 11482, 13, 1)
[0000][PE] skip orientation FF as there are not enough pairs
[0000][PE] analyzing insert size distribution for orientation FR...
[0000][PE] (25, 50, 75) percentile: (350, 434, 529)
[0000][PE] low and high boundaries for computing mean and std.dev: (1, 887)
[0000][PE] mean and std.dev: (442.24, 136.70)
[0000][PE] low and high boundaries for proper pairs: (1, 1066)
[0000][PE] analyzing insert size distribution for orientation RF...
[0000][PE] (25, 50, 75) percentile: (846, 2159, 7980)
[0000][PE] low and high boundaries for computing mean and std.dev: (1, 22248)
[0000][PE] mean and std.dev: (3529.92, 3252.48)
[0000][PE] low and high boundaries for proper pairs: (1, 29382)
[0000][PE] skip orientation RR as there are not enough pairs
[0000][PE] skip orientation RF
[0000] 3. Calling kt_for - worker_sam
	[0000][ M::mem_process_seqs] Processed 57104 reads in 16.964 CPU sec, 1.867 real sec
[0000] read_chunk: 100000000, work_chunk_size: 0, nseq: 0
[0000] Computation ends..
No. of OMP threads: 10
Processor is running @2445.531617 MHz
Runtime profile:

	Time taken for main_mem function: 4.81 sec

	IO times (sec) :
	Reading IO time (reads) avg: 0.11, (0.11, 0.11)
	Writing IO time (SAM) avg: 0.03, (0.03, 0.03)
	Reading IO time (Reference Genome) avg: 0.90, (0.90, 0.90)
	Index read time avg: 1.86, (1.86, 1.86)

	Overall time (sec) (Excluding Index reading time):
	PROCESS() (Total compute time + (read + SAM) IO time) : 2.02
	MEM_PROCESS_SEQ() (Total compute time (Kernel + SAM)), avg: 1.87, (1.87, 1.87)

	 SAM Processing time (sec):
	--WORKER_SAM avg: 0.85, (0.85, 0.85)

	Kernels' compute time (sec):
	Total kernel (smem+sal+bsw) time avg: 1.01, (1.01, 1.01)
		SMEM compute avg: 0.35, (0.36, 0.34)
		SAL compute avg: 0.12, (0.13, 0.11)
				MEM_SA avg: 0.05, (0.05, 0.04)

		BSW time, avg: 0.47, (0.49, 0.45)

Important parameter settings: 
	BATCH_SIZE: 512
	MAX_SEQ_LEN_REF: 256
	MAX_SEQ_LEN_QER: 128
	MAX_SEQ_LEN8: 128
	SEEDS_PER_READ: 500
	SIMD_WIDTH8 X: 32
	SIMD_WIDTH16 X: 16
	AVG_SEEDS_PER_READ: 64
@ Aligning 2024_17_F...
Looking to launch executable "/gpfs1/sw/rh9/pkgs/bwa-mem2/2.2.1/bwa-mem2.avx2", simd = .avx2
Launching executable "/gpfs1/sw/rh9/pkgs/bwa-mem2/2.2.1/bwa-mem2.avx2"
-----------------------------
Executing in AVX2 mode!!
-----------------------------
* SA compression enabled with xfactor: 8
* Ref file: /gpfs1/cl/ecogen/pbio6800/PopulationGenomics/ref_genome/Pmariana/Pmariana1.0-genome_reduced.fa
* Entering FMI_search
* Index file found. Loading index from /gpfs1/cl/ecogen/pbio6800/PopulationGenomics/ref_genome/Pmariana/Pmariana1.0-genome_reduced.fa.bwt.2bit.64
* Reference seq len for bi-index = 5855199825
* sentinel-index: 2317116625
* Count:
0,	1
1,	1783324060
2,	2927599913
3,	4071875766
4,	5855199825

* Reading other elements of the index from files /gpfs1/cl/ecogen/pbio6800/PopulationGenomics/ref_genome/Pmariana/Pmariana1.0-genome_reduced.fa
* Index prefix: /gpfs1/cl/ecogen/pbio6800/PopulationGenomics/ref_genome/Pmariana/Pmariana1.0-genome_reduced.fa
* Read 0 ALT contigs
* Done reading Index!!
* Reading reference genome..
* Binary seq file = /gpfs1/cl/ecogen/pbio6800/PopulationGenomics/ref_genome/Pmariana/Pmariana1.0-genome_reduced.fa.0123
* Reference genome size: 5855199824 bp
* Done reading reference genome !!

------------------------------------------
1. Memory pre-allocation for Chaining: 1393.3971 MB
2. Memory pre-allocation for BSW: 2396.1702 MB
3. Memory pre-allocation for BWT: 773.1418 MB
------------------------------------------
* Threads used (compute): 10
* No. of pipeline threads: 2

[0000] read_chunk: 100000000, work_chunk_size: 100000184, nseq: 731702
	[0000][ M::kt_pipeline] read 731702 sequences (100000184 bp)...
[0000] Reallocating initial memory allocations!!
[0000] Calling mem_process_seqs.., task: 0
[0000] 1. Calling kt_for - worker_bwt
[0000] read_chunk: 100000000, work_chunk_size: 100000001, nseq: 733260
	[0000][ M::kt_pipeline] read 733260 sequences (100000001 bp)...
[0000] 2. Calling kt_for - worker_aln
[0000] Inferring insert size distribution of PE reads from data, l_pac: 2927599912, n: 731702
[0000][PE] # candidate unique pairs for (FF, FR, RF, RR): (19, 155520, 152, 26)
[0000][PE] analyzing insert size distribution for orientation FF...
[0000][PE] (25, 50, 75) percentile: (834, 2606, 4777)
[0000][PE] low and high boundaries for computing mean and std.dev: (1, 12663)
[0000][PE] mean and std.dev: (2915.00, 2440.02)
[0000][PE] low and high boundaries for proper pairs: (1, 16606)
[0000][PE] analyzing insert size distribution for orientation FR...
[0000][PE] (25, 50, 75) percentile: (361, 447, 544)
[0000][PE] low and high boundaries for computing mean and std.dev: (1, 910)
[0000][PE] mean and std.dev: (455.67, 138.18)
[0000][PE] low and high boundaries for proper pairs: (1, 1093)
[0000][PE] analyzing insert size distribution for orientation RF...
[0000][PE] (25, 50, 75) percentile: (211, 2414, 5819)
[0000][PE] low and high boundaries for computing mean and std.dev: (1, 17035)
[0000][PE] mean and std.dev: (3080.28, 2904.33)
[0000][PE] low and high boundaries for proper pairs: (1, 22643)
[0000][PE] analyzing insert size distribution for orientation RR...
[0000][PE] (25, 50, 75) percentile: (449, 4347, 5910)
[0000][PE] low and high boundaries for computing mean and std.dev: (1, 16832)
[0000][PE] mean and std.dev: (3448.81, 2906.34)
[0000][PE] low and high boundaries for proper pairs: (1, 22293)
[0000][PE] skip orientation FF
[0000][PE] skip orientation RF
[0000][PE] skip orientation RR
[0000] 3. Calling kt_for - worker_sam
	[0000][ M::mem_process_seqs] Processed 731702 reads in 219.705 CPU sec, 22.698 real sec
[0000] Reallocating initial memory allocations!!
[0000] Calling mem_process_seqs.., task: 1
[0000] 1. Calling kt_for - worker_bwt
[0000] read_chunk: 100000000, work_chunk_size: 100000085, nseq: 733726
	[0000][ M::kt_pipeline] read 733726 sequences (100000085 bp)...
[0000] 2. Calling kt_for - worker_aln
[0000] Inferring insert size distribution of PE reads from data, l_pac: 2927599912, n: 733260
[0000][PE] # candidate unique pairs for (FF, FR, RF, RR): (33, 156867, 125, 32)
[0000][PE] analyzing insert size distribution for orientation FF...
[0000][PE] (25, 50, 75) percentile: (428, 2397, 4813)
[0000][PE] low and high boundaries for computing mean and std.dev: (1, 13583)
[0000][PE] mean and std.dev: (2644.48, 2093.85)
[0000][PE] low and high boundaries for proper pairs: (1, 17968)
[0000][PE] analyzing insert size distribution for orientation FR...
[0000][PE] (25, 50, 75) percentile: (363, 448, 545)
[0000][PE] low and high boundaries for computing mean and std.dev: (1, 909)
[0000][PE] mean and std.dev: (456.40, 138.05)
[0000][PE] low and high boundaries for proper pairs: (1, 1091)
[0000][PE] analyzing insert size distribution for orientation RF...
[0000][PE] (25, 50, 75) percentile: (241, 2208, 5203)
[0000][PE] low and high boundaries for computing mean and std.dev: (1, 15127)
[0000][PE] mean and std.dev: (3163.02, 2950.81)
[0000][PE] low and high boundaries for proper pairs: (1, 20089)
[0000][PE] analyzing insert size distribution for orientation RR...
[0000][PE] (25, 50, 75) percentile: (445, 1193, 4457)
[0000][PE] low and high boundaries for computing mean and std.dev: (1, 12481)
[0000][PE] mean and std.dev: (2245.19, 2346.26)
[0000][PE] low and high boundaries for proper pairs: (1, 16493)
[0000][PE] skip orientation FF
[0000][PE] skip orientation RF
[0000][PE] skip orientation RR
[0000] 3. Calling kt_for - worker_sam
	[0000][ M::mem_process_seqs] Processed 733260 reads in 219.711 CPU sec, 22.406 real sec
[0000] Reallocating initial memory allocations!!
[0000] Calling mem_process_seqs.., task: 2
[0000] 1. Calling kt_for - worker_bwt
[0000] read_chunk: 100000000, work_chunk_size: 100000057, nseq: 734058
	[0000][ M::kt_pipeline] read 734058 sequences (100000057 bp)...
[0000] 2. Calling kt_for - worker_aln
[0000] Inferring insert size distribution of PE reads from data, l_pac: 2927599912, n: 733726
[0000][PE] # candidate unique pairs for (FF, FR, RF, RR): (22, 156918, 131, 31)
[0000][PE] analyzing insert size distribution for orientation FF...
[0000][PE] (25, 50, 75) percentile: (265, 677, 3819)
[0000][PE] low and high boundaries for computing mean and std.dev: (1, 10927)
[0000][PE] mean and std.dev: (2216.41, 2616.45)
[0000][PE] low and high boundaries for proper pairs: (1, 14481)
[0000][PE] analyzing insert size distribution for orientation FR...
[0000][PE] (25, 50, 75) percentile: (358, 443, 539)
[0000][PE] low and high boundaries for computing mean and std.dev: (1, 901)
[0000][PE] mean and std.dev: (451.17, 136.38)
[0000][PE] low and high boundaries for proper pairs: (1, 1082)
[0000][PE] analyzing insert size distribution for orientation RF...
[0000][PE] (25, 50, 75) percentile: (146, 2264, 4116)
[0000][PE] low and high boundaries for computing mean and std.dev: (1, 12056)
[0000][PE] mean and std.dev: (2858.80, 2755.42)
[0000][PE] low and high boundaries for proper pairs: (1, 16026)
[0000][PE] analyzing insert size distribution for orientation RR...
[0000][PE] (25, 50, 75) percentile: (626, 4457, 5093)
[0000][PE] low and high boundaries for computing mean and std.dev: (1, 14027)
[0000][PE] mean and std.dev: (3369.06, 2624.21)
[0000][PE] low and high boundaries for proper pairs: (1, 18494)
[0000][PE] skip orientation FF
[0000][PE] skip orientation RF
[0000][PE] skip orientation RR
[0000] 3. Calling kt_for - worker_sam
	[0000][ M::mem_process_seqs] Processed 733726 reads in 219.764 CPU sec, 22.438 real sec
[0000] Reallocating initial memory allocations!!
[0000] Calling mem_process_seqs.., task: 3
[0000] 1. Calling kt_for - worker_bwt
[0000] read_chunk: 100000000, work_chunk_size: 46105562, nseq: 339872
	[0000][ M::kt_pipeline] read 339872 sequences (46105562 bp)...
[0000] 2. Calling kt_for - worker_aln
[0000] Inferring insert size distribution of PE reads from data, l_pac: 2927599912, n: 734058
[0000][PE] # candidate unique pairs for (FF, FR, RF, RR): (37, 158482, 114, 39)
[0000][PE] analyzing insert size distribution for orientation FF...
[0000][PE] (25, 50, 75) percentile: (408, 681, 3822)
[0000][PE] low and high boundaries for computing mean and std.dev: (1, 10650)
[0000][PE] mean and std.dev: (1995.46, 2097.37)
[0000][PE] low and high boundaries for proper pairs: (1, 14064)
[0000][PE] analyzing insert size distribution for orientation FR...
[0000][PE] (25, 50, 75) percentile: (348, 431, 524)
[0000][PE] low and high boundaries for computing mean and std.dev: (1, 876)
[0000][PE] mean and std.dev: (438.37, 132.51)
[0000][PE] low and high boundaries for proper pairs: (1, 1052)
[0000][PE] analyzing insert size distribution for orientation RF...
[0000][PE] (25, 50, 75) percentile: (105, 1816, 4131)
[0000][PE] low and high boundaries for computing mean and std.dev: (1, 12183)
[0000][PE] mean and std.dev: (2617.82, 2910.06)
[0000][PE] low and high boundaries for proper pairs: (1, 16209)
[0000][PE] analyzing insert size distribution for orientation RR...
[0000][PE] (25, 50, 75) percentile: (411, 1752, 4704)
[0000][PE] low and high boundaries for computing mean and std.dev: (1, 13290)
[0000][PE] mean and std.dev: (2486.56, 2428.12)
[0000][PE] low and high boundaries for proper pairs: (1, 17583)
[0000][PE] skip orientation FF
[0000][PE] skip orientation RF
[0000][PE] skip orientation RR
[0000] 3. Calling kt_for - worker_sam
	[0000][ M::mem_process_seqs] Processed 734058 reads in 215.445 CPU sec, 22.025 real sec
[0000] Calling mem_process_seqs.., task: 4
[0000] 1. Calling kt_for - worker_bwt
[0000] read_chunk: 100000000, work_chunk_size: 0, nseq: 0
[0000] 2. Calling kt_for - worker_aln
[0000] Inferring insert size distribution of PE reads from data, l_pac: 2927599912, n: 339872
[0000][PE] # candidate unique pairs for (FF, FR, RF, RR): (12, 73439, 80, 16)
[0000][PE] analyzing insert size distribution for orientation FF...
[0000][PE] (25, 50, 75) percentile: (653, 1141, 4739)
[0000][PE] low and high boundaries for computing mean and std.dev: (1, 12911)
[0000][PE] mean and std.dev: (2288.50, 2703.66)
[0000][PE] low and high boundaries for proper pairs: (1, 16997)
[0000][PE] analyzing insert size distribution for orientation FR...
[0000][PE] (25, 50, 75) percentile: (348, 431, 523)
[0000][PE] low and high boundaries for computing mean and std.dev: (1, 873)
[0000][PE] mean and std.dev: (437.49, 131.51)
[0000][PE] low and high boundaries for proper pairs: (1, 1048)
[0000][PE] analyzing insert size distribution for orientation RF...
[0000][PE] (25, 50, 75) percentile: (445, 2638, 6447)
[0000][PE] low and high boundaries for computing mean and std.dev: (1, 18451)
[0000][PE] mean and std.dev: (3314.00, 2861.57)
[0000][PE] low and high boundaries for proper pairs: (1, 24453)
[0000][PE] analyzing insert size distribution for orientation RR...
[0000][PE] (25, 50, 75) percentile: (384, 1630, 4737)
[0000][PE] low and high boundaries for computing mean and std.dev: (1, 13443)
[0000][PE] mean and std.dev: (2582.44, 2677.68)
[0000][PE] low and high boundaries for proper pairs: (1, 17796)
[0000][PE] skip orientation FF
[0000][PE] skip orientation RF
[0000][PE] skip orientation RR
[0000] 3. Calling kt_for - worker_sam
	[0000][ M::mem_process_seqs] Processed 339872 reads in 100.181 CPU sec, 10.342 real sec
[0000] read_chunk: 100000000, work_chunk_size: 0, nseq: 0
[0000] Computation ends..
No. of OMP threads: 10
Processor is running @2445.484111 MHz
Runtime profile:

	Time taken for main_mem function: 104.38 sec

	IO times (sec) :
	Reading IO time (reads) avg: 8.96, (8.96, 8.96)
	Writing IO time (SAM) avg: 4.22, (4.22, 4.22)
	Reading IO time (Reference Genome) avg: 0.89, (0.89, 0.89)
	Index read time avg: 1.81, (1.81, 1.81)

	Overall time (sec) (Excluding Index reading time):
	PROCESS() (Total compute time + (read + SAM) IO time) : 101.64
	MEM_PROCESS_SEQ() (Total compute time (Kernel + SAM)), avg: 99.91, (99.91, 99.91)

	 SAM Processing time (sec):
	--WORKER_SAM avg: 45.10, (45.10, 45.10)

	Kernels' compute time (sec):
	Total kernel (smem+sal+bsw) time avg: 54.62, (54.62, 54.62)
		SMEM compute avg: 19.89, (20.04, 19.79)
		SAL compute avg: 7.23, (7.38, 7.08)
				MEM_SA avg: 2.73, (2.78, 2.68)

		BSW time, avg: 24.91, (24.95, 24.84)

Important parameter settings: 
	BATCH_SIZE: 512
	MAX_SEQ_LEN_REF: 256
	MAX_SEQ_LEN_QER: 128
	MAX_SEQ_LEN8: 128
	SEEDS_PER_READ: 500
	SIMD_WIDTH8 X: 32
	SIMD_WIDTH16 X: 16
	AVG_SEEDS_PER_READ: 64
@ Aligning 2024_18_F...
Looking to launch executable "/gpfs1/sw/rh9/pkgs/bwa-mem2/2.2.1/bwa-mem2.avx2", simd = .avx2
Launching executable "/gpfs1/sw/rh9/pkgs/bwa-mem2/2.2.1/bwa-mem2.avx2"
-----------------------------
Executing in AVX2 mode!!
-----------------------------
* SA compression enabled with xfactor: 8
* Ref file: /gpfs1/cl/ecogen/pbio6800/PopulationGenomics/ref_genome/Pmariana/Pmariana1.0-genome_reduced.fa
* Entering FMI_search
* Index file found. Loading index from /gpfs1/cl/ecogen/pbio6800/PopulationGenomics/ref_genome/Pmariana/Pmariana1.0-genome_reduced.fa.bwt.2bit.64
* Reference seq len for bi-index = 5855199825
* sentinel-index: 2317116625
* Count:
0,	1
1,	1783324060
2,	2927599913
3,	4071875766
4,	5855199825

* Reading other elements of the index from files /gpfs1/cl/ecogen/pbio6800/PopulationGenomics/ref_genome/Pmariana/Pmariana1.0-genome_reduced.fa
* Index prefix: /gpfs1/cl/ecogen/pbio6800/PopulationGenomics/ref_genome/Pmariana/Pmariana1.0-genome_reduced.fa
* Read 0 ALT contigs
* Done reading Index!!
* Reading reference genome..
* Binary seq file = /gpfs1/cl/ecogen/pbio6800/PopulationGenomics/ref_genome/Pmariana/Pmariana1.0-genome_reduced.fa.0123
* Reference genome size: 5855199824 bp
* Done reading reference genome !!

------------------------------------------
1. Memory pre-allocation for Chaining: 1393.3971 MB
2. Memory pre-allocation for BSW: 2396.1702 MB
3. Memory pre-allocation for BWT: 773.1418 MB
------------------------------------------
* Threads used (compute): 10
* No. of pipeline threads: 2

[0000] read_chunk: 100000000, work_chunk_size: 100000159, nseq: 730242
	[0000][ M::kt_pipeline] read 730242 sequences (100000159 bp)...
[0000] Reallocating initial memory allocations!!
[0000] Calling mem_process_seqs.., task: 0
[0000] 1. Calling kt_for - worker_bwt
[0000] read_chunk: 100000000, work_chunk_size: 100000097, nseq: 731512
	[0000][ M::kt_pipeline] read 731512 sequences (100000097 bp)...
[0000] 2. Calling kt_for - worker_aln
[0000] Inferring insert size distribution of PE reads from data, l_pac: 2927599912, n: 730242
[0000][PE] # candidate unique pairs for (FF, FR, RF, RR): (22, 151249, 120, 18)
[0000][PE] analyzing insert size distribution for orientation FF...
[0000][PE] (25, 50, 75) percentile: (431, 1494, 5852)
[0000][PE] low and high boundaries for computing mean and std.dev: (1, 16694)
[0000][PE] mean and std.dev: (2772.09, 2820.11)
[0000][PE] low and high boundaries for proper pairs: (1, 22115)
[0000][PE] analyzing insert size distribution for orientation FR...
[0000][PE] (25, 50, 75) percentile: (305, 378, 463)
[0000][PE] low and high boundaries for computing mean and std.dev: (1, 779)
[0000][PE] mean and std.dev: (386.47, 120.10)
[0000][PE] low and high boundaries for proper pairs: (1, 937)
[0000][PE] analyzing insert size distribution for orientation RF...
[0000][PE] (25, 50, 75) percentile: (127, 1499, 5748)
[0000][PE] low and high boundaries for computing mean and std.dev: (1, 16990)
[0000][PE] mean and std.dev: (2770.19, 2957.77)
[0000][PE] low and high boundaries for proper pairs: (1, 22611)
[0000][PE] analyzing insert size distribution for orientation RR...
[0000][PE] (25, 50, 75) percentile: (776, 2630, 5548)
[0000][PE] low and high boundaries for computing mean and std.dev: (1, 15092)
[0000][PE] mean and std.dev: (3344.00, 3043.19)
[0000][PE] low and high boundaries for proper pairs: (1, 19864)
[0000][PE] skip orientation FF
[0000][PE] skip orientation RF
[0000][PE] skip orientation RR
[0000] 3. Calling kt_for - worker_sam
	[0000][ M::mem_process_seqs] Processed 730242 reads in 224.438 CPU sec, 23.051 real sec
[0000] Reallocating initial memory allocations!!
[0000] Calling mem_process_seqs.., task: 1
[0000] 1. Calling kt_for - worker_bwt
[0000] read_chunk: 100000000, work_chunk_size: 100000057, nseq: 731844
	[0000][ M::kt_pipeline] read 731844 sequences (100000057 bp)...
[0000] 2. Calling kt_for - worker_aln
[0000] Inferring insert size distribution of PE reads from data, l_pac: 2927599912, n: 731512
[0000][PE] # candidate unique pairs for (FF, FR, RF, RR): (34, 150926, 123, 27)
[0000][PE] analyzing insert size distribution for orientation FF...
[0000][PE] (25, 50, 75) percentile: (366, 590, 2132)
[0000][PE] low and high boundaries for computing mean and std.dev: (1, 5664)
[0000][PE] mean and std.dev: (1228.90, 1501.03)
[0000][PE] low and high boundaries for proper pairs: (1, 7430)
[0000][PE] analyzing insert size distribution for orientation FR...
[0000][PE] (25, 50, 75) percentile: (307, 381, 466)
[0000][PE] low and high boundaries for computing mean and std.dev: (1, 784)
[0000][PE] mean and std.dev: (388.66, 120.98)
[0000][PE] low and high boundaries for proper pairs: (1, 943)
[0000][PE] analyzing insert size distribution for orientation RF...
[0000][PE] (25, 50, 75) percentile: (117, 1984, 4930)
[0000][PE] low and high boundaries for computing mean and std.dev: (1, 14556)
[0000][PE] mean and std.dev: (2688.00, 2807.21)
[0000][PE] low and high boundaries for proper pairs: (1, 19369)
[0000][PE] analyzing insert size distribution for orientation RR...
[0000][PE] (25, 50, 75) percentile: (514, 1918, 4927)
[0000][PE] low and high boundaries for computing mean and std.dev: (1, 13753)
[0000][PE] mean and std.dev: (2811.78, 2693.16)
[0000][PE] low and high boundaries for proper pairs: (1, 18166)
[0000][PE] skip orientation FF
[0000][PE] skip orientation RF
[0000][PE] skip orientation RR
[0000] 3. Calling kt_for - worker_sam
	[0000][ M::mem_process_seqs] Processed 731512 reads in 226.036 CPU sec, 23.581 real sec
[0000] Reallocating initial memory allocations!!
[0000] Calling mem_process_seqs.., task: 2
[0000] 1. Calling kt_for - worker_bwt
[0000] read_chunk: 100000000, work_chunk_size: 100000263, nseq: 732932
	[0000][ M::kt_pipeline] read 732932 sequences (100000263 bp)...
[0000] 2. Calling kt_for - worker_aln
[0000] Inferring insert size distribution of PE reads from data, l_pac: 2927599912, n: 731844
[0000][PE] # candidate unique pairs for (FF, FR, RF, RR): (18, 152549, 132, 24)
[0000][PE] analyzing insert size distribution for orientation FF...
[0000][PE] (25, 50, 75) percentile: (282, 1786, 5747)
[0000][PE] low and high boundaries for computing mean and std.dev: (1, 16677)
[0000][PE] mean and std.dev: (2820.67, 3042.88)
[0000][PE] low and high boundaries for proper pairs: (1, 22142)
[0000][PE] analyzing insert size distribution for orientation FR...
[0000][PE] (25, 50, 75) percentile: (301, 372, 455)
[0000][PE] low and high boundaries for computing mean and std.dev: (1, 763)
[0000][PE] mean and std.dev: (380.14, 117.00)
[0000][PE] low and high boundaries for proper pairs: (1, 917)
[0000][PE] analyzing insert size distribution for orientation RF...
[0000][PE] (25, 50, 75) percentile: (129, 1256, 4930)
[0000][PE] low and high boundaries for computing mean and std.dev: (1, 14532)
[0000][PE] mean and std.dev: (2574.25, 2949.79)
[0000][PE] low and high boundaries for proper pairs: (1, 19333)
[0000][PE] analyzing insert size distribution for orientation RR...
[0000][PE] (25, 50, 75) percentile: (221, 2318, 3348)
[0000][PE] low and high boundaries for computing mean and std.dev: (1, 9602)
[0000][PE] mean and std.dev: (2203.62, 1935.54)
[0000][PE] low and high boundaries for proper pairs: (1, 12729)
[0000][PE] skip orientation FF
[0000][PE] skip orientation RF
[0000][PE] skip orientation RR
[0000] 3. Calling kt_for - worker_sam
	[0000][ M::mem_process_seqs] Processed 731844 reads in 222.592 CPU sec, 23.184 real sec
[0000] Reallocating initial memory allocations!!
[0000] Calling mem_process_seqs.., task: 3
[0000] 1. Calling kt_for - worker_bwt
[0000] read_chunk: 100000000, work_chunk_size: 15077088, nseq: 110978
	[0000][ M::kt_pipeline] read 110978 sequences (15077088 bp)...
[0000] 2. Calling kt_for - worker_aln
[0000] Inferring insert size distribution of PE reads from data, l_pac: 2927599912, n: 732932
[0000][PE] # candidate unique pairs for (FF, FR, RF, RR): (21, 152081, 114, 28)
[0000][PE] analyzing insert size distribution for orientation FF...
[0000][PE] (25, 50, 75) percentile: (297, 409, 4581)
[0000][PE] low and high boundaries for computing mean and std.dev: (1, 13149)
[0000][PE] mean and std.dev: (2114.90, 2791.70)
[0000][PE] low and high boundaries for proper pairs: (1, 17433)
[0000][PE] analyzing insert size distribution for orientation FR...
[0000][PE] (25, 50, 75) percentile: (297, 368, 448)
[0000][PE] low and high boundaries for computing mean and std.dev: (1, 750)
[0000][PE] mean and std.dev: (374.74, 115.31)
[0000][PE] low and high boundaries for proper pairs: (1, 901)
[0000][PE] analyzing insert size distribution for orientation RF...
[0000][PE] (25, 50, 75) percentile: (187, 2818, 6984)
[0000][PE] low and high boundaries for computing mean and std.dev: (1, 20578)
[0000][PE] mean and std.dev: (3753.96, 3346.95)
[0000][PE] low and high boundaries for proper pairs: (1, 27375)
[0000][PE] analyzing insert size distribution for orientation RR...
[0000][PE] (25, 50, 75) percentile: (379, 1773, 4806)
[0000][PE] low and high boundaries for computing mean and std.dev: (1, 13660)
[0000][PE] mean and std.dev: (2342.93, 2267.90)
[0000][PE] low and high boundaries for proper pairs: (1, 18087)
[0000][PE] skip orientation FF
[0000][PE] skip orientation RF
[0000][PE] skip orientation RR
[0000] 3. Calling kt_for - worker_sam
	[0000][ M::mem_process_seqs] Processed 732932 reads in 221.146 CPU sec, 22.550 real sec
[0000] Calling mem_process_seqs.., task: 4
[0000] 1. Calling kt_for - worker_bwt
[0000] read_chunk: 100000000, work_chunk_size: 0, nseq: 0
[0000] 2. Calling kt_for - worker_aln
[0000] Inferring insert size distribution of PE reads from data, l_pac: 2927599912, n: 110978
[0000][PE] # candidate unique pairs for (FF, FR, RF, RR): (5, 22891, 19, 2)
[0000][PE] skip orientation FF as there are not enough pairs
[0000][PE] analyzing insert size distribution for orientation FR...
[0000][PE] (25, 50, 75) percentile: (296, 366, 445)
[0000][PE] low and high boundaries for computing mean and std.dev: (1, 743)
[0000][PE] mean and std.dev: (373.38, 113.87)
[0000][PE] low and high boundaries for proper pairs: (1, 892)
[0000][PE] analyzing insert size distribution for orientation RF...
[0000][PE] (25, 50, 75) percentile: (1572, 4958, 7290)
[0000][PE] low and high boundaries for computing mean and std.dev: (1, 18726)
[0000][PE] mean and std.dev: (4335.26, 3089.99)
[0000][PE] low and high boundaries for proper pairs: (1, 24444)
[0000][PE] skip orientation RR as there are not enough pairs
[0000][PE] skip orientation RF
[0000] 3. Calling kt_for - worker_sam
	[0000][ M::mem_process_seqs] Processed 110978 reads in 34.251 CPU sec, 3.657 real sec
[0000] read_chunk: 100000000, work_chunk_size: 0, nseq: 0
[0000] Computation ends..
No. of OMP threads: 10
Processor is running @2445.512360 MHz
Runtime profile:

	Time taken for main_mem function: 100.36 sec

	IO times (sec) :
	Reading IO time (reads) avg: 6.96, (6.96, 6.96)
	Writing IO time (SAM) avg: 3.88, (3.88, 3.88)
	Reading IO time (Reference Genome) avg: 0.90, (0.90, 0.90)
	Index read time avg: 1.84, (1.84, 1.84)

	Overall time (sec) (Excluding Index reading time):
	PROCESS() (Total compute time + (read + SAM) IO time) : 97.59
	MEM_PROCESS_SEQ() (Total compute time (Kernel + SAM)), avg: 96.02, (96.02, 96.02)

	 SAM Processing time (sec):
	--WORKER_SAM avg: 41.92, (41.92, 41.92)

	Kernels' compute time (sec):
	Total kernel (smem+sal+bsw) time avg: 53.93, (53.93, 53.93)
		SMEM compute avg: 19.66, (19.73, 19.59)
		SAL compute avg: 7.25, (7.32, 7.10)
				MEM_SA avg: 2.72, (2.76, 2.66)

		BSW time, avg: 24.46, (24.52, 24.38)

Important parameter settings: 
	BATCH_SIZE: 512
	MAX_SEQ_LEN_REF: 256
	MAX_SEQ_LEN_QER: 128
	MAX_SEQ_LEN8: 128
	SEEDS_PER_READ: 500
	SIMD_WIDTH8 X: 32
	SIMD_WIDTH16 X: 16
	AVG_SEEDS_PER_READ: 64
@ Aligning 2024_32_D...
Looking to launch executable "/gpfs1/sw/rh9/pkgs/bwa-mem2/2.2.1/bwa-mem2.avx2", simd = .avx2
Launching executable "/gpfs1/sw/rh9/pkgs/bwa-mem2/2.2.1/bwa-mem2.avx2"
-----------------------------
Executing in AVX2 mode!!
-----------------------------
* SA compression enabled with xfactor: 8
* Ref file: /gpfs1/cl/ecogen/pbio6800/PopulationGenomics/ref_genome/Pmariana/Pmariana1.0-genome_reduced.fa
* Entering FMI_search
* Index file found. Loading index from /gpfs1/cl/ecogen/pbio6800/PopulationGenomics/ref_genome/Pmariana/Pmariana1.0-genome_reduced.fa.bwt.2bit.64
* Reference seq len for bi-index = 5855199825
* sentinel-index: 2317116625
* Count:
0,	1
1,	1783324060
2,	2927599913
3,	4071875766
4,	5855199825

* Reading other elements of the index from files /gpfs1/cl/ecogen/pbio6800/PopulationGenomics/ref_genome/Pmariana/Pmariana1.0-genome_reduced.fa
* Index prefix: /gpfs1/cl/ecogen/pbio6800/PopulationGenomics/ref_genome/Pmariana/Pmariana1.0-genome_reduced.fa
* Read 0 ALT contigs
* Done reading Index!!
* Reading reference genome..
* Binary seq file = /gpfs1/cl/ecogen/pbio6800/PopulationGenomics/ref_genome/Pmariana/Pmariana1.0-genome_reduced.fa.0123
* Reference genome size: 5855199824 bp
* Done reading reference genome !!

------------------------------------------
1. Memory pre-allocation for Chaining: 1393.3971 MB
2. Memory pre-allocation for BSW: 2396.1702 MB
3. Memory pre-allocation for BWT: 773.1418 MB
------------------------------------------
* Threads used (compute): 10
* No. of pipeline threads: 2

[0000] read_chunk: 100000000, work_chunk_size: 100000191, nseq: 731618
	[0000][ M::kt_pipeline] read 731618 sequences (100000191 bp)...
[0000] Reallocating initial memory allocations!!
[0000] Calling mem_process_seqs.., task: 0
[0000] 1. Calling kt_for - worker_bwt
[0000] read_chunk: 100000000, work_chunk_size: 100000221, nseq: 732144
	[0000][ M::kt_pipeline] read 732144 sequences (100000221 bp)...
[0000] 2. Calling kt_for - worker_aln
[0000] Inferring insert size distribution of PE reads from data, l_pac: 2927599912, n: 731618
[0000][PE] # candidate unique pairs for (FF, FR, RF, RR): (34, 153347, 146, 30)
[0000][PE] analyzing insert size distribution for orientation FF...
[0000][PE] (25, 50, 75) percentile: (319, 714, 4197)
[0000][PE] low and high boundaries for computing mean and std.dev: (1, 11953)
[0000][PE] mean and std.dev: (2529.50, 3067.75)
[0000][PE] low and high boundaries for proper pairs: (1, 15831)
[0000][PE] analyzing insert size distribution for orientation FR...
[0000][PE] (25, 50, 75) percentile: (320, 399, 490)
[0000][PE] low and high boundaries for computing mean and std.dev: (1, 830)
[0000][PE] mean and std.dev: (406.99, 129.75)
[0000][PE] low and high boundaries for proper pairs: (1, 1000)
[0000][PE] analyzing insert size distribution for orientation RF...
[0000][PE] (25, 50, 75) percentile: (474, 2653, 5762)
[0000][PE] low and high boundaries for computing mean and std.dev: (1, 16338)
[0000][PE] mean and std.dev: (3268.94, 2928.00)
[0000][PE] low and high boundaries for proper pairs: (1, 21626)
[0000][PE] analyzing insert size distribution for orientation RR...
[0000][PE] (25, 50, 75) percentile: (448, 1205, 2354)
[0000][PE] low and high boundaries for computing mean and std.dev: (1, 6166)
[0000][PE] mean and std.dev: (1569.47, 1384.38)
[0000][PE] low and high boundaries for proper pairs: (1, 8072)
[0000][PE] skip orientation FF
[0000][PE] skip orientation RF
[0000][PE] skip orientation RR
[0000] 3. Calling kt_for - worker_sam
	[0000][ M::mem_process_seqs] Processed 731618 reads in 222.733 CPU sec, 22.970 real sec
[0000] Reallocating initial memory allocations!!
[0000] Calling mem_process_seqs.., task: 1
[0000] 1. Calling kt_for - worker_bwt
[0000] read_chunk: 100000000, work_chunk_size: 100000075, nseq: 733070
	[0000][ M::kt_pipeline] read 733070 sequences (100000075 bp)...
[0000] 2. Calling kt_for - worker_aln
[0000] Inferring insert size distribution of PE reads from data, l_pac: 2927599912, n: 732144
[0000][PE] # candidate unique pairs for (FF, FR, RF, RR): (18, 153651, 107, 31)
[0000][PE] analyzing insert size distribution for orientation FF...
[0000][PE] (25, 50, 75) percentile: (545, 3822, 5299)
[0000][PE] low and high boundaries for computing mean and std.dev: (1, 14807)
[0000][PE] mean and std.dev: (3288.06, 2726.33)
[0000][PE] low and high boundaries for proper pairs: (1, 19561)
[0000][PE] analyzing insert size distribution for orientation FR...
[0000][PE] (25, 50, 75) percentile: (321, 400, 491)
[0000][PE] low and high boundaries for computing mean and std.dev: (1, 831)
[0000][PE] mean and std.dev: (407.97, 129.85)
[0000][PE] low and high boundaries for proper pairs: (1, 1001)
[0000][PE] analyzing insert size distribution for orientation RF...
[0000][PE] (25, 50, 75) percentile: (302, 2210, 5378)
[0000][PE] low and high boundaries for computing mean and std.dev: (1, 15530)
[0000][PE] mean and std.dev: (3081.16, 2898.98)
[0000][PE] low and high boundaries for proper pairs: (1, 20606)
[0000][PE] analyzing insert size distribution for orientation RR...
[0000][PE] (25, 50, 75) percentile: (339, 1158, 4552)
[0000][PE] low and high boundaries for computing mean and std.dev: (1, 12978)
[0000][PE] mean and std.dev: (2142.42, 2204.82)
[0000][PE] low and high boundaries for proper pairs: (1, 17191)
[0000][PE] skip orientation FF
[0000][PE] skip orientation RF
[0000][PE] skip orientation RR
[0000] 3. Calling kt_for - worker_sam
	[0000][ M::mem_process_seqs] Processed 732144 reads in 222.816 CPU sec, 22.751 real sec
[0000] Reallocating initial memory allocations!!
[0000] Calling mem_process_seqs.., task: 2
[0000] 1. Calling kt_for - worker_bwt
[0000] read_chunk: 100000000, work_chunk_size: 100000017, nseq: 733218
	[0000][ M::kt_pipeline] read 733218 sequences (100000017 bp)...
[0000] 2. Calling kt_for - worker_aln
[0000] Inferring insert size distribution of PE reads from data, l_pac: 2927599912, n: 733070
[0000][PE] # candidate unique pairs for (FF, FR, RF, RR): (29, 152903, 128, 37)
[0000][PE] analyzing insert size distribution for orientation FF...
[0000][PE] (25, 50, 75) percentile: (427, 1143, 4702)
[0000][PE] low and high boundaries for computing mean and std.dev: (1, 13252)
[0000][PE] mean and std.dev: (2564.97, 2752.33)
[0000][PE] low and high boundaries for proper pairs: (1, 17527)
[0000][PE] analyzing insert size distribution for orientation FR...
[0000][PE] (25, 50, 75) percentile: (325, 404, 496)
[0000][PE] low and high boundaries for computing mean and std.dev: (1, 838)
[0000][PE] mean and std.dev: (411.73, 130.49)
[0000][PE] low and high boundaries for proper pairs: (1, 1009)
[0000][PE] analyzing insert size distribution for orientation RF...
[0000][PE] (25, 50, 75) percentile: (129, 1793, 4834)
[0000][PE] low and high boundaries for computing mean and std.dev: (1, 14244)
[0000][PE] mean and std.dev: (2741.19, 2865.19)
[0000][PE] low and high boundaries for proper pairs: (1, 18949)
[0000][PE] analyzing insert size distribution for orientation RR...
[0000][PE] (25, 50, 75) percentile: (585, 1374, 4784)
[0000][PE] low and high boundaries for computing mean and std.dev: (1, 13182)
[0000][PE] mean and std.dev: (2462.65, 2420.91)
[0000][PE] low and high boundaries for proper pairs: (1, 17381)
[0000][PE] skip orientation FF
[0000][PE] skip orientation RF
[0000][PE] skip orientation RR
[0000] 3. Calling kt_for - worker_sam
	[0000][ M::mem_process_seqs] Processed 733070 reads in 225.069 CPU sec, 22.996 real sec
[0000] Reallocating initial memory allocations!!
[0000] Calling mem_process_seqs.., task: 3
[0000] 1. Calling kt_for - worker_bwt
[0000] read_chunk: 100000000, work_chunk_size: 100000046, nseq: 733646
	[0000][ M::kt_pipeline] read 733646 sequences (100000046 bp)...
[0000] 2. Calling kt_for - worker_aln
[0000] Inferring insert size distribution of PE reads from data, l_pac: 2927599912, n: 733218
[0000][PE] # candidate unique pairs for (FF, FR, RF, RR): (23, 155082, 119, 31)
[0000][PE] analyzing insert size distribution for orientation FF...
[0000][PE] (25, 50, 75) percentile: (399, 1244, 2888)
[0000][PE] low and high boundaries for computing mean and std.dev: (1, 7866)
[0000][PE] mean and std.dev: (1946.96, 1938.47)
[0000][PE] low and high boundaries for proper pairs: (1, 10355)
[0000][PE] analyzing insert size distribution for orientation FR...
[0000][PE] (25, 50, 75) percentile: (314, 392, 481)
[0000][PE] low and high boundaries for computing mean and std.dev: (1, 815)
[0000][PE] mean and std.dev: (399.54, 127.01)
[0000][PE] low and high boundaries for proper pairs: (1, 982)
[0000][PE] analyzing insert size distribution for orientation RF...
[0000][PE] (25, 50, 75) percentile: (135, 1967, 5824)
[0000][PE] low and high boundaries for computing mean and std.dev: (1, 17202)
[0000][PE] mean and std.dev: (3004.09, 2972.82)
[0000][PE] low and high boundaries for proper pairs: (1, 22891)
[0000][PE] analyzing insert size distribution for orientation RR...
[0000][PE] (25, 50, 75) percentile: (547, 2211, 4704)
[0000][PE] low and high boundaries for computing mean and std.dev: (1, 13018)
[0000][PE] mean and std.dev: (2807.42, 2252.08)
[0000][PE] low and high boundaries for proper pairs: (1, 17175)
[0000][PE] skip orientation FF
[0000][PE] skip orientation RF
[0000][PE] skip orientation RR
[0000] 3. Calling kt_for - worker_sam
	[0000][ M::mem_process_seqs] Processed 733218 reads in 221.316 CPU sec, 22.567 real sec
[0000] Reallocating initial memory allocations!!
[0000] Calling mem_process_seqs.., task: 4
[0000] 1. Calling kt_for - worker_bwt
[0000] read_chunk: 100000000, work_chunk_size: 77485191, nseq: 570012
	[0000][ M::kt_pipeline] read 570012 sequences (77485191 bp)...
[0000] 2. Calling kt_for - worker_aln
[0000] Inferring insert size distribution of PE reads from data, l_pac: 2927599912, n: 733646
[0000][PE] # candidate unique pairs for (FF, FR, RF, RR): (29, 156404, 114, 36)
[0000][PE] analyzing insert size distribution for orientation FF...
[0000][PE] (25, 50, 75) percentile: (803, 3822, 5066)
[0000][PE] low and high boundaries for computing mean and std.dev: (1, 13592)
[0000][PE] mean and std.dev: (3235.90, 2605.06)
[0000][PE] low and high boundaries for proper pairs: (1, 17855)
[0000][PE] analyzing insert size distribution for orientation FR...
[0000][PE] (25, 50, 75) percentile: (309, 386, 472)
[0000][PE] low and high boundaries for computing mean and std.dev: (1, 798)
[0000][PE] mean and std.dev: (393.07, 124.43)
[0000][PE] low and high boundaries for proper pairs: (1, 961)
[0000][PE] analyzing insert size distribution for orientation RF...
[0000][PE] (25, 50, 75) percentile: (111, 1485, 4340)
[0000][PE] low and high boundaries for computing mean and std.dev: (1, 12798)
[0000][PE] mean and std.dev: (2543.47, 2858.72)
[0000][PE] low and high boundaries for proper pairs: (1, 17027)
[0000][PE] analyzing insert size distribution for orientation RR...
[0000][PE] (25, 50, 75) percentile: (437, 1208, 2086)
[0000][PE] low and high boundaries for computing mean and std.dev: (1, 5384)
[0000][PE] mean and std.dev: (1556.09, 1370.08)
[0000][PE] low and high boundaries for proper pairs: (1, 7036)
[0000][PE] skip orientation FF
[0000][PE] skip orientation RF
[0000][PE] skip orientation RR
[0000] 3. Calling kt_for - worker_sam
	[0000][ M::mem_process_seqs] Processed 733646 reads in 218.166 CPU sec, 22.214 real sec
[0000] Calling mem_process_seqs.., task: 5
[0000] 1. Calling kt_for - worker_bwt
[0000] read_chunk: 100000000, work_chunk_size: 0, nseq: 0
[0000] 2. Calling kt_for - worker_aln
[0000] Inferring insert size distribution of PE reads from data, l_pac: 2927599912, n: 570012
[0000][PE] # candidate unique pairs for (FF, FR, RF, RR): (18, 121158, 95, 16)
[0000][PE] analyzing insert size distribution for orientation FF...
[0000][PE] (25, 50, 75) percentile: (628, 2423, 5066)
[0000][PE] low and high boundaries for computing mean and std.dev: (1, 13942)
[0000][PE] mean and std.dev: (2903.22, 2631.99)
[0000][PE] low and high boundaries for proper pairs: (1, 18380)
[0000][PE] analyzing insert size distribution for orientation FR...
[0000][PE] (25, 50, 75) percentile: (308, 385, 472)
[0000][PE] low and high boundaries for computing mean and std.dev: (1, 800)
[0000][PE] mean and std.dev: (392.16, 124.30)
[0000][PE] low and high boundaries for proper pairs: (1, 964)
[0000][PE] analyzing insert size distribution for orientation RF...
[0000][PE] (25, 50, 75) percentile: (142, 1169, 4578)
[0000][PE] low and high boundaries for computing mean and std.dev: (1, 13450)
[0000][PE] mean and std.dev: (2518.71, 2860.82)
[0000][PE] low and high boundaries for proper pairs: (1, 17886)
[0000][PE] analyzing insert size distribution for orientation RR...
[0000][PE] (25, 50, 75) percentile: (342, 1250, 3822)
[0000][PE] low and high boundaries for computing mean and std.dev: (1, 10782)
[0000][PE] mean and std.dev: (1905.94, 1684.58)
[0000][PE] low and high boundaries for proper pairs: (1, 14262)
[0000][PE] skip orientation FF
[0000][PE] skip orientation RF
[0000][PE] skip orientation RR
[0000] 3. Calling kt_for - worker_sam
	[0000][ M::mem_process_seqs] Processed 570012 reads in 169.630 CPU sec, 17.355 real sec
[0000] read_chunk: 100000000, work_chunk_size: 0, nseq: 0
[0000] Computation ends..
No. of OMP threads: 10
Processor is running @2445.483033 MHz
Runtime profile:

	Time taken for main_mem function: 135.55 sec

	IO times (sec) :
	Reading IO time (reads) avg: 10.00, (10.00, 10.00)
	Writing IO time (SAM) avg: 5.00, (5.00, 5.00)
	Reading IO time (Reference Genome) avg: 0.89, (0.89, 0.89)
	Index read time avg: 1.83, (1.83, 1.83)

	Overall time (sec) (Excluding Index reading time):
	PROCESS() (Total compute time + (read + SAM) IO time) : 132.79
	MEM_PROCESS_SEQ() (Total compute time (Kernel + SAM)), avg: 130.85, (130.85, 130.85)

	 SAM Processing time (sec):
	--WORKER_SAM avg: 58.07, (58.07, 58.07)

	Kernels' compute time (sec):
	Total kernel (smem+sal+bsw) time avg: 72.52, (72.52, 72.52)
		SMEM compute avg: 26.43, (26.56, 26.32)
		SAL compute avg: 9.56, (9.68, 9.43)
				MEM_SA avg: 3.63, (3.67, 3.59)

		BSW time, avg: 33.19, (33.25, 33.09)

Important parameter settings: 
	BATCH_SIZE: 512
	MAX_SEQ_LEN_REF: 256
	MAX_SEQ_LEN_QER: 128
	MAX_SEQ_LEN8: 128
	SEEDS_PER_READ: 500
	SIMD_WIDTH8 X: 32
	SIMD_WIDTH16 X: 16
	AVG_SEEDS_PER_READ: 64
@ Aligning 2024_33_M...
Looking to launch executable "/gpfs1/sw/rh9/pkgs/bwa-mem2/2.2.1/bwa-mem2.avx2", simd = .avx2
Launching executable "/gpfs1/sw/rh9/pkgs/bwa-mem2/2.2.1/bwa-mem2.avx2"
-----------------------------
Executing in AVX2 mode!!
-----------------------------
* SA compression enabled with xfactor: 8
* Ref file: /gpfs1/cl/ecogen/pbio6800/PopulationGenomics/ref_genome/Pmariana/Pmariana1.0-genome_reduced.fa
* Entering FMI_search
* Index file found. Loading index from /gpfs1/cl/ecogen/pbio6800/PopulationGenomics/ref_genome/Pmariana/Pmariana1.0-genome_reduced.fa.bwt.2bit.64
* Reference seq len for bi-index = 5855199825
* sentinel-index: 2317116625
* Count:
0,	1
1,	1783324060
2,	2927599913
3,	4071875766
4,	5855199825

* Reading other elements of the index from files /gpfs1/cl/ecogen/pbio6800/PopulationGenomics/ref_genome/Pmariana/Pmariana1.0-genome_reduced.fa
* Index prefix: /gpfs1/cl/ecogen/pbio6800/PopulationGenomics/ref_genome/Pmariana/Pmariana1.0-genome_reduced.fa
* Read 0 ALT contigs
* Done reading Index!!
* Reading reference genome..
* Binary seq file = /gpfs1/cl/ecogen/pbio6800/PopulationGenomics/ref_genome/Pmariana/Pmariana1.0-genome_reduced.fa.0123
* Reference genome size: 5855199824 bp
* Done reading reference genome !!

------------------------------------------
1. Memory pre-allocation for Chaining: 1393.3971 MB
2. Memory pre-allocation for BSW: 2396.1702 MB
3. Memory pre-allocation for BWT: 773.1418 MB
------------------------------------------
* Threads used (compute): 10
* No. of pipeline threads: 2

[0000] read_chunk: 100000000, work_chunk_size: 100000199, nseq: 749426
	[0000][ M::kt_pipeline] read 749426 sequences (100000199 bp)...
[0000] Reallocating initial memory allocations!!
[0000] Calling mem_process_seqs.., task: 0
[0000] 1. Calling kt_for - worker_bwt
[0000] read_chunk: 100000000, work_chunk_size: 100000229, nseq: 753096
	[0000][ M::kt_pipeline] read 753096 sequences (100000229 bp)...
[0000] 2. Calling kt_for - worker_aln
[0000] Inferring insert size distribution of PE reads from data, l_pac: 2927599912, n: 749426
[0000][PE] # candidate unique pairs for (FF, FR, RF, RR): (27, 151374, 149, 31)
[0000][PE] analyzing insert size distribution for orientation FF...
[0000][PE] (25, 50, 75) percentile: (361, 472, 4437)
[0000][PE] low and high boundaries for computing mean and std.dev: (1, 12589)
[0000][PE] mean and std.dev: (1905.93, 2356.42)
[0000][PE] low and high boundaries for proper pairs: (1, 16665)
[0000][PE] analyzing insert size distribution for orientation FR...
[0000][PE] (25, 50, 75) percentile: (381, 486, 585)
[0000][PE] low and high boundaries for computing mean and std.dev: (1, 993)
[0000][PE] mean and std.dev: (482.70, 148.78)
[0000][PE] low and high boundaries for proper pairs: (1, 1197)
[0000][PE] analyzing insert size distribution for orientation RF...
[0000][PE] (25, 50, 75) percentile: (279, 2291, 5261)
[0000][PE] low and high boundaries for computing mean and std.dev: (1, 15225)
[0000][PE] mean and std.dev: (3071.71, 2813.73)
[0000][PE] low and high boundaries for proper pairs: (1, 20207)
[0000][PE] analyzing insert size distribution for orientation RR...
[0000][PE] (25, 50, 75) percentile: (388, 864, 2502)
[0000][PE] low and high boundaries for computing mean and std.dev: (1, 6730)
[0000][PE] mean and std.dev: (1814.26, 1918.04)
[0000][PE] low and high boundaries for proper pairs: (1, 9486)
[0000][PE] skip orientation FF
[0000][PE] skip orientation RF
[0000][PE] skip orientation RR
[0000] 3. Calling kt_for - worker_sam
	[0000][ M::mem_process_seqs] Processed 749426 reads in 240.083 CPU sec, 24.740 real sec
[0000] Reallocating initial memory allocations!!
[0000] Calling mem_process_seqs.., task: 1
[0000] 1. Calling kt_for - worker_bwt
[0000] read_chunk: 100000000, work_chunk_size: 100000225, nseq: 751994
	[0000][ M::kt_pipeline] read 751994 sequences (100000225 bp)...
[0000] 2. Calling kt_for - worker_aln
[0000] Inferring insert size distribution of PE reads from data, l_pac: 2927599912, n: 753096
[0000][PE] # candidate unique pairs for (FF, FR, RF, RR): (38, 151368, 129, 33)
[0000][PE] analyzing insert size distribution for orientation FF...
[0000][PE] (25, 50, 75) percentile: (508, 2630, 6555)
[0000][PE] low and high boundaries for computing mean and std.dev: (1, 18649)
[0000][PE] mean and std.dev: (3530.03, 3319.33)
[0000][PE] low and high boundaries for proper pairs: (1, 24696)
[0000][PE] analyzing insert size distribution for orientation FR...
[0000][PE] (25, 50, 75) percentile: (386, 490, 589)
[0000][PE] low and high boundaries for computing mean and std.dev: (1, 995)
[0000][PE] mean and std.dev: (487.16, 149.61)
[0000][PE] low and high boundaries for proper pairs: (1, 1198)
[0000][PE] analyzing insert size distribution for orientation RF...
[0000][PE] (25, 50, 75) percentile: (319, 2012, 4960)
[0000][PE] low and high boundaries for computing mean and std.dev: (1, 14242)
[0000][PE] mean and std.dev: (2863.15, 2854.60)
[0000][PE] low and high boundaries for proper pairs: (1, 18883)
[0000][PE] analyzing insert size distribution for orientation RR...
[0000][PE] (25, 50, 75) percentile: (427, 1421, 2658)
[0000][PE] low and high boundaries for computing mean and std.dev: (1, 7120)
[0000][PE] mean and std.dev: (1509.42, 1307.88)
[0000][PE] low and high boundaries for proper pairs: (1, 9351)
[0000][PE] skip orientation FF
[0000][PE] skip orientation RF
[0000][PE] skip orientation RR
[0000] 3. Calling kt_for - worker_sam
	[0000][ M::mem_process_seqs] Processed 753096 reads in 241.252 CPU sec, 24.620 real sec
[0000] Calling mem_process_seqs.., task: 2
[0000] 1. Calling kt_for - worker_bwt
[0000] read_chunk: 100000000, work_chunk_size: 53289884, nseq: 403578
	[0000][ M::kt_pipeline] read 403578 sequences (53289884 bp)...
[0000] 2. Calling kt_for - worker_aln
[0000] Inferring insert size distribution of PE reads from data, l_pac: 2927599912, n: 751994
[0000][PE] # candidate unique pairs for (FF, FR, RF, RR): (36, 154015, 133, 28)
[0000][PE] analyzing insert size distribution for orientation FF...
[0000][PE] (25, 50, 75) percentile: (1045, 1607, 4519)
[0000][PE] low and high boundaries for computing mean and std.dev: (1, 11467)
[0000][PE] mean and std.dev: (2889.28, 2870.75)
[0000][PE] low and high boundaries for proper pairs: (1, 14941)
[0000][PE] analyzing insert size distribution for orientation FR...
[0000][PE] (25, 50, 75) percentile: (363, 465, 563)
[0000][PE] low and high boundaries for computing mean and std.dev: (1, 963)
[0000][PE] mean and std.dev: (463.14, 145.08)
[0000][PE] low and high boundaries for proper pairs: (1, 1163)
[0000][PE] analyzing insert size distribution for orientation RF...
[0000][PE] (25, 50, 75) percentile: (324, 2096, 5179)
[0000][PE] low and high boundaries for computing mean and std.dev: (1, 14889)
[0000][PE] mean and std.dev: (2982.06, 2808.24)
[0000][PE] low and high boundaries for proper pairs: (1, 19744)
[0000][PE] analyzing insert size distribution for orientation RR...
[0000][PE] (25, 50, 75) percentile: (403, 1004, 4663)
[0000][PE] low and high boundaries for computing mean and std.dev: (1, 13183)
[0000][PE] mean and std.dev: (2313.71, 2474.85)
[0000][PE] low and high boundaries for proper pairs: (1, 17443)
[0000][PE] skip orientation FF
[0000][PE] skip orientation RF
[0000][PE] skip orientation RR
[0000] 3. Calling kt_for - worker_sam
	[0000][ M::mem_process_seqs] Processed 751994 reads in 235.806 CPU sec, 24.642 real sec
[0000] Calling mem_process_seqs.., task: 3
[0000] 1. Calling kt_for - worker_bwt
[0000] read_chunk: 100000000, work_chunk_size: 0, nseq: 0
[0000] 2. Calling kt_for - worker_aln
[0000] Inferring insert size distribution of PE reads from data, l_pac: 2927599912, n: 403578
[0000][PE] # candidate unique pairs for (FF, FR, RF, RR): (19, 82296, 64, 17)
[0000][PE] analyzing insert size distribution for orientation FF...
[0000][PE] (25, 50, 75) percentile: (1075, 4519, 8465)
[0000][PE] low and high boundaries for computing mean and std.dev: (1, 23245)
[0000][PE] mean and std.dev: (4448.42, 3369.46)
[0000][PE] low and high boundaries for proper pairs: (1, 30635)
[0000][PE] analyzing insert size distribution for orientation FR...
[0000][PE] (25, 50, 75) percentile: (357, 459, 556)
[0000][PE] low and high boundaries for computing mean and std.dev: (1, 954)
[0000][PE] mean and std.dev: (456.69, 143.69)
[0000][PE] low and high boundaries for proper pairs: (1, 1153)
[0000][PE] analyzing insert size distribution for orientation RF...
[0000][PE] (25, 50, 75) percentile: (207, 1859, 4679)
[0000][PE] low and high boundaries for computing mean and std.dev: (1, 13623)
[0000][PE] mean and std.dev: (2694.67, 2857.15)
[0000][PE] low and high boundaries for proper pairs: (1, 18095)
[0000][PE] analyzing insert size distribution for orientation RR...
[0000][PE] (25, 50, 75) percentile: (394, 907, 3189)
[0000][PE] low and high boundaries for computing mean and std.dev: (1, 8779)
[0000][PE] mean and std.dev: (1742.88, 2275.08)
[0000][PE] low and high boundaries for proper pairs: (1, 11574)
[0000][PE] skip orientation FF
[0000][PE] skip orientation RF
[0000][PE] skip orientation RR
[0000] 3. Calling kt_for - worker_sam
	[0000][ M::mem_process_seqs] Processed 403578 reads in 126.680 CPU sec, 13.073 real sec
[0000] read_chunk: 100000000, work_chunk_size: 0, nseq: 0
[0000] Computation ends..
No. of OMP threads: 10
Processor is running @2445.487100 MHz
Runtime profile:

	Time taken for main_mem function: 91.55 sec

	IO times (sec) :
	Reading IO time (reads) avg: 7.09, (7.09, 7.09)
	Writing IO time (SAM) avg: 3.16, (3.16, 3.16)
	Reading IO time (Reference Genome) avg: 0.88, (0.88, 0.88)
	Index read time avg: 1.81, (1.81, 1.81)

	Overall time (sec) (Excluding Index reading time):
	PROCESS() (Total compute time + (read + SAM) IO time) : 88.83
	MEM_PROCESS_SEQ() (Total compute time (Kernel + SAM)), avg: 87.07, (87.07, 87.07)

	 SAM Processing time (sec):
	--WORKER_SAM avg: 40.99, (40.99, 40.99)

	Kernels' compute time (sec):
	Total kernel (smem+sal+bsw) time avg: 45.89, (45.89, 45.89)
		SMEM compute avg: 16.34, (16.45, 16.12)
		SAL compute avg: 6.35, (6.45, 6.29)
				MEM_SA avg: 2.34, (2.42, 2.30)

		BSW time, avg: 20.93, (20.98, 20.88)

Important parameter settings: 
	BATCH_SIZE: 512
	MAX_SEQ_LEN_REF: 256
	MAX_SEQ_LEN_QER: 128
	MAX_SEQ_LEN8: 128
	SEEDS_PER_READ: 500
	SIMD_WIDTH8 X: 32
	SIMD_WIDTH16 X: 16
	AVG_SEEDS_PER_READ: 64
@ Aligning 2024_33_O...
Looking to launch executable "/gpfs1/sw/rh9/pkgs/bwa-mem2/2.2.1/bwa-mem2.avx2", simd = .avx2
Launching executable "/gpfs1/sw/rh9/pkgs/bwa-mem2/2.2.1/bwa-mem2.avx2"
-----------------------------
Executing in AVX2 mode!!
-----------------------------
* SA compression enabled with xfactor: 8
* Ref file: /gpfs1/cl/ecogen/pbio6800/PopulationGenomics/ref_genome/Pmariana/Pmariana1.0-genome_reduced.fa
* Entering FMI_search
* Index file found. Loading index from /gpfs1/cl/ecogen/pbio6800/PopulationGenomics/ref_genome/Pmariana/Pmariana1.0-genome_reduced.fa.bwt.2bit.64
* Reference seq len for bi-index = 5855199825
* sentinel-index: 2317116625
* Count:
0,	1
1,	1783324060
2,	2927599913
3,	4071875766
4,	5855199825

* Reading other elements of the index from files /gpfs1/cl/ecogen/pbio6800/PopulationGenomics/ref_genome/Pmariana/Pmariana1.0-genome_reduced.fa
* Index prefix: /gpfs1/cl/ecogen/pbio6800/PopulationGenomics/ref_genome/Pmariana/Pmariana1.0-genome_reduced.fa
* Read 0 ALT contigs
* Done reading Index!!
* Reading reference genome..
* Binary seq file = /gpfs1/cl/ecogen/pbio6800/PopulationGenomics/ref_genome/Pmariana/Pmariana1.0-genome_reduced.fa.0123
* Reference genome size: 5855199824 bp
* Done reading reference genome !!

------------------------------------------
1. Memory pre-allocation for Chaining: 1393.3971 MB
2. Memory pre-allocation for BSW: 2396.1702 MB
3. Memory pre-allocation for BWT: 773.1418 MB
------------------------------------------
* Threads used (compute): 10
* No. of pipeline threads: 2

[0000] read_chunk: 100000000, work_chunk_size: 100000068, nseq: 731890
	[0000][ M::kt_pipeline] read 731890 sequences (100000068 bp)...
[0000] Reallocating initial memory allocations!!
[0000] Calling mem_process_seqs.., task: 0
[0000] 1. Calling kt_for - worker_bwt
[0000] read_chunk: 100000000, work_chunk_size: 100000048, nseq: 732088
	[0000][ M::kt_pipeline] read 732088 sequences (100000048 bp)...
[0000] 2. Calling kt_for - worker_aln
[0000] Inferring insert size distribution of PE reads from data, l_pac: 2927599912, n: 731890
[0000][PE] # candidate unique pairs for (FF, FR, RF, RR): (33, 152256, 125, 35)
[0000][PE] analyzing insert size distribution for orientation FF...
[0000][PE] (25, 50, 75) percentile: (300, 1104, 3822)
[0000][PE] low and high boundaries for computing mean and std.dev: (1, 10866)
[0000][PE] mean and std.dev: (2178.03, 2424.45)
[0000][PE] low and high boundaries for proper pairs: (1, 14388)
[0000][PE] analyzing insert size distribution for orientation FR...
[0000][PE] (25, 50, 75) percentile: (350, 436, 536)
[0000][PE] low and high boundaries for computing mean and std.dev: (1, 908)
[0000][PE] mean and std.dev: (446.55, 140.67)
[0000][PE] low and high boundaries for proper pairs: (1, 1094)
[0000][PE] analyzing insert size distribution for orientation RF...
[0000][PE] (25, 50, 75) percentile: (527, 2323, 5427)
[0000][PE] low and high boundaries for computing mean and std.dev: (1, 15227)
[0000][PE] mean and std.dev: (3157.78, 2754.91)
[0000][PE] low and high boundaries for proper pairs: (1, 20127)
[0000][PE] analyzing insert size distribution for orientation RR...
[0000][PE] (25, 50, 75) percentile: (395, 1562, 2676)
[0000][PE] low and high boundaries for computing mean and std.dev: (1, 7238)
[0000][PE] mean and std.dev: (1588.97, 1421.08)
[0000][PE] low and high boundaries for proper pairs: (1, 9519)
[0000][PE] skip orientation FF
[0000][PE] skip orientation RF
[0000][PE] skip orientation RR
[0000] 3. Calling kt_for - worker_sam
	[0000][ M::mem_process_seqs] Processed 731890 reads in 227.908 CPU sec, 23.418 real sec
[0000] Reallocating initial memory allocations!!
[0000] Calling mem_process_seqs.., task: 1
[0000] 1. Calling kt_for - worker_bwt
[0000] read_chunk: 100000000, work_chunk_size: 100000180, nseq: 734318
	[0000][ M::kt_pipeline] read 734318 sequences (100000180 bp)...
[0000] 2. Calling kt_for - worker_aln
[0000] Inferring insert size distribution of PE reads from data, l_pac: 2927599912, n: 732088
[0000][PE] # candidate unique pairs for (FF, FR, RF, RR): (37, 152767, 165, 20)
[0000][PE] analyzing insert size distribution for orientation FF...
[0000][PE] (25, 50, 75) percentile: (619, 1756, 5239)
[0000][PE] low and high boundaries for computing mean and std.dev: (1, 14479)
[0000][PE] mean and std.dev: (2820.14, 2491.75)
[0000][PE] low and high boundaries for proper pairs: (1, 19099)
[0000][PE] analyzing insert size distribution for orientation FR...
[0000][PE] (25, 50, 75) percentile: (352, 437, 539)
[0000][PE] low and high boundaries for computing mean and std.dev: (1, 913)
[0000][PE] mean and std.dev: (448.20, 141.16)
[0000][PE] low and high boundaries for proper pairs: (1, 1100)
[0000][PE] analyzing insert size distribution for orientation RF...
[0000][PE] (25, 50, 75) percentile: (371, 2497, 5530)
[0000][PE] low and high boundaries for computing mean and std.dev: (1, 15848)
[0000][PE] mean and std.dev: (3120.35, 2862.68)
[0000][PE] low and high boundaries for proper pairs: (1, 21007)
[0000][PE] analyzing insert size distribution for orientation RR...
[0000][PE] (25, 50, 75) percentile: (1153, 2854, 5847)
[0000][PE] low and high boundaries for computing mean and std.dev: (1, 15235)
[0000][PE] mean and std.dev: (3581.25, 2715.10)
[0000][PE] low and high boundaries for proper pairs: (1, 19929)
[0000][PE] skip orientation FF
[0000][PE] skip orientation RF
[0000][PE] skip orientation RR
[0000] 3. Calling kt_for - worker_sam
	[0000][ M::mem_process_seqs] Processed 732088 reads in 227.877 CPU sec, 23.280 real sec
[0000] Reallocating initial memory allocations!!
[0000] Calling mem_process_seqs.., task: 2
[0000] 1. Calling kt_for - worker_bwt
[0000] read_chunk: 100000000, work_chunk_size: 100000023, nseq: 734232
	[0000][ M::kt_pipeline] read 734232 sequences (100000023 bp)...
[0000] 2. Calling kt_for - worker_aln
[0000] Inferring insert size distribution of PE reads from data, l_pac: 2927599912, n: 734318
[0000][PE] # candidate unique pairs for (FF, FR, RF, RR): (37, 152501, 134, 26)
[0000][PE] analyzing insert size distribution for orientation FF...
[0000][PE] (25, 50, 75) percentile: (212, 1018, 2994)
[0000][PE] low and high boundaries for computing mean and std.dev: (1, 8558)
[0000][PE] mean and std.dev: (1824.53, 2113.14)
[0000][PE] low and high boundaries for proper pairs: (1, 11340)
[0000][PE] analyzing insert size distribution for orientation FR...
[0000][PE] (25, 50, 75) percentile: (354, 439, 542)
[0000][PE] low and high boundaries for computing mean and std.dev: (1, 918)
[0000][PE] mean and std.dev: (450.62, 141.93)
[0000][PE] low and high boundaries for proper pairs: (1, 1106)
[0000][PE] analyzing insert size distribution for orientation RF...
[0000][PE] (25, 50, 75) percentile: (171, 1954, 5147)
[0000][PE] low and high boundaries for computing mean and std.dev: (1, 15099)
[0000][PE] mean and std.dev: (2895.45, 2949.21)
[0000][PE] low and high boundaries for proper pairs: (1, 20075)
[0000][PE] analyzing insert size distribution for orientation RR...
[0000][PE] (25, 50, 75) percentile: (476, 2955, 4462)
[0000][PE] low and high boundaries for computing mean and std.dev: (1, 12434)
[0000][PE] mean and std.dev: (3040.92, 2621.09)
[0000][PE] low and high boundaries for proper pairs: (1, 16420)
[0000][PE] skip orientation FF
[0000][PE] skip orientation RF
[0000][PE] skip orientation RR
[0000] 3. Calling kt_for - worker_sam
	[0000][ M::mem_process_seqs] Processed 734318 reads in 230.229 CPU sec, 23.532 real sec
[0000] Calling mem_process_seqs.., task: 3
[0000] 1. Calling kt_for - worker_bwt
[0000] read_chunk: 100000000, work_chunk_size: 100000046, nseq: 733578
	[0000][ M::kt_pipeline] read 733578 sequences (100000046 bp)...
[0000] 2. Calling kt_for - worker_aln
[0000] Inferring insert size distribution of PE reads from data, l_pac: 2927599912, n: 734232
[0000][PE] # candidate unique pairs for (FF, FR, RF, RR): (30, 152910, 157, 35)
[0000][PE] analyzing insert size distribution for orientation FF...
[0000][PE] (25, 50, 75) percentile: (356, 2565, 5154)
[0000][PE] low and high boundaries for computing mean and std.dev: (1, 14750)
[0000][PE] mean and std.dev: (3124.13, 2689.52)
[0000][PE] low and high boundaries for proper pairs: (1, 19548)
[0000][PE] analyzing insert size distribution for orientation FR...
[0000][PE] (25, 50, 75) percentile: (350, 435, 536)
[0000][PE] low and high boundaries for computing mean and std.dev: (1, 908)
[0000][PE] mean and std.dev: (446.44, 140.18)
[0000][PE] low and high boundaries for proper pairs: (1, 1094)
[0000][PE] analyzing insert size distribution for orientation RF...
[0000][PE] (25, 50, 75) percentile: (136, 1410, 4958)
[0000][PE] low and high boundaries for computing mean and std.dev: (1, 14602)
[0000][PE] mean and std.dev: (2586.89, 2825.60)
[0000][PE] low and high boundaries for proper pairs: (1, 19424)
[0000][PE] analyzing insert size distribution for orientation RR...
[0000][PE] (25, 50, 75) percentile: (517, 1816, 4521)
[0000][PE] low and high boundaries for computing mean and std.dev: (1, 12529)
[0000][PE] mean and std.dev: (2391.49, 2152.37)
[0000][PE] low and high boundaries for proper pairs: (1, 16533)
[0000][PE] skip orientation FF
[0000][PE] skip orientation RF
[0000][PE] skip orientation RR
[0000] 3. Calling kt_for - worker_sam
	[0000][ M::mem_process_seqs] Processed 734232 reads in 228.161 CPU sec, 23.345 real sec
[0000] Calling mem_process_seqs.., task: 4
[0000] 1. Calling kt_for - worker_bwt
[0000] read_chunk: 100000000, work_chunk_size: 100000029, nseq: 735392
	[0000][ M::kt_pipeline] read 735392 sequences (100000029 bp)...
[0000] 2. Calling kt_for - worker_aln
[0000] Inferring insert size distribution of PE reads from data, l_pac: 2927599912, n: 733578
[0000][PE] # candidate unique pairs for (FF, FR, RF, RR): (30, 154911, 138, 35)
[0000][PE] analyzing insert size distribution for orientation FF...
[0000][PE] (25, 50, 75) percentile: (217, 487, 1885)
[0000][PE] low and high boundaries for computing mean and std.dev: (1, 5221)
[0000][PE] mean and std.dev: (917.00, 1288.78)
[0000][PE] low and high boundaries for proper pairs: (1, 6889)
[0000][PE] analyzing insert size distribution for orientation FR...
[0000][PE] (25, 50, 75) percentile: (339, 420, 516)
[0000][PE] low and high boundaries for computing mean and std.dev: (1, 870)
[0000][PE] mean and std.dev: (430.18, 134.03)
[0000][PE] low and high boundaries for proper pairs: (1, 1047)
[0000][PE] analyzing insert size distribution for orientation RF...
[0000][PE] (25, 50, 75) percentile: (399, 2031, 5295)
[0000][PE] low and high boundaries for computing mean and std.dev: (1, 15087)
[0000][PE] mean and std.dev: (3153.43, 2923.21)
[0000][PE] low and high boundaries for proper pairs: (1, 19983)
[0000][PE] analyzing insert size distribution for orientation RR...
[0000][PE] (25, 50, 75) percentile: (337, 1331, 4994)
[0000][PE] low and high boundaries for computing mean and std.dev: (1, 14308)
[0000][PE] mean and std.dev: (2696.77, 2861.73)
[0000][PE] low and high boundaries for proper pairs: (1, 18965)
[0000][PE] skip orientation FF
[0000][PE] skip orientation RF
[0000][PE] skip orientation RR
[0000] 3. Calling kt_for - worker_sam
	[0000][ M::mem_process_seqs] Processed 733578 reads in 223.456 CPU sec, 22.848 real sec
[0000] Reallocating initial memory allocations!!
[0000] Calling mem_process_seqs.., task: 5
[0000] 1. Calling kt_for - worker_bwt
[0000] read_chunk: 100000000, work_chunk_size: 41955567, nseq: 309822
	[0000][ M::kt_pipeline] read 309822 sequences (41955567 bp)...
[0000] 2. Calling kt_for - worker_aln
[0000] Inferring insert size distribution of PE reads from data, l_pac: 2927599912, n: 735392
[0000][PE] # candidate unique pairs for (FF, FR, RF, RR): (24, 155169, 109, 43)
[0000][PE] analyzing insert size distribution for orientation FF...
[0000][PE] (25, 50, 75) percentile: (300, 2452, 4508)
[0000][PE] low and high boundaries for computing mean and std.dev: (1, 12924)
[0000][PE] mean and std.dev: (2153.12, 2075.01)
[0000][PE] low and high boundaries for proper pairs: (1, 17132)
[0000][PE] analyzing insert size distribution for orientation FR...
[0000][PE] (25, 50, 75) percentile: (339, 420, 516)
[0000][PE] low and high boundaries for computing mean and std.dev: (1, 870)
[0000][PE] mean and std.dev: (430.10, 134.06)
[0000][PE] low and high boundaries for proper pairs: (1, 1047)
[0000][PE] analyzing insert size distribution for orientation RF...
[0000][PE] (25, 50, 75) percentile: (204, 2153, 5530)
[0000][PE] low and high boundaries for computing mean and std.dev: (1, 16182)
[0000][PE] mean and std.dev: (2985.17, 2936.48)
[0000][PE] low and high boundaries for proper pairs: (1, 21508)
[0000][PE] analyzing insert size distribution for orientation RR...
[0000][PE] (25, 50, 75) percentile: (542, 1842, 4496)
[0000][PE] low and high boundaries for computing mean and std.dev: (1, 12404)
[0000][PE] mean and std.dev: (2594.53, 2309.04)
[0000][PE] low and high boundaries for proper pairs: (1, 16358)
[0000][PE] skip orientation FF
[0000][PE] skip orientation RF
[0000][PE] skip orientation RR
[0000] 3. Calling kt_for - worker_sam
	[0000][ M::mem_process_seqs] Processed 735392 reads in 223.531 CPU sec, 22.889 real sec
[0000] Calling mem_process_seqs.., task: 6
[0000] 1. Calling kt_for - worker_bwt
[0000] read_chunk: 100000000, work_chunk_size: 0, nseq: 0
[0000] 2. Calling kt_for - worker_aln
[0000] Inferring insert size distribution of PE reads from data, l_pac: 2927599912, n: 309822
[0000][PE] # candidate unique pairs for (FF, FR, RF, RR): (10, 65592, 61, 7)
[0000][PE] analyzing insert size distribution for orientation FF...
[0000][PE] (25, 50, 75) percentile: (269, 776, 2165)
[0000][PE] low and high boundaries for computing mean and std.dev: (1, 5957)
[0000][PE] mean and std.dev: (1200.22, 1373.38)
[0000][PE] low and high boundaries for proper pairs: (1, 7853)
[0000][PE] analyzing insert size distribution for orientation FR...
[0000][PE] (25, 50, 75) percentile: (337, 418, 514)
[0000][PE] low and high boundaries for computing mean and std.dev: (1, 868)
[0000][PE] mean and std.dev: (428.56, 133.83)
[0000][PE] low and high boundaries for proper pairs: (1, 1045)
[0000][PE] analyzing insert size distribution for orientation RF...
[0000][PE] (25, 50, 75) percentile: (264, 1773, 3782)
[0000][PE] low and high boundaries for computing mean and std.dev: (1, 10818)
[0000][PE] mean and std.dev: (2518.56, 2562.75)
[0000][PE] low and high boundaries for proper pairs: (1, 14336)
[0000][PE] skip orientation RR as there are not enough pairs
[0000][PE] skip orientation FF
[0000][PE] skip orientation RF
[0000] 3. Calling kt_for - worker_sam
	[0000][ M::mem_process_seqs] Processed 309822 reads in 94.137 CPU sec, 9.773 real sec
[0000] read_chunk: 100000000, work_chunk_size: 0, nseq: 0
[0000] Computation ends..
No. of OMP threads: 10
Processor is running @2445.494474 MHz
Runtime profile:

	Time taken for main_mem function: 153.56 sec

	IO times (sec) :
	Reading IO time (reads) avg: 11.11, (11.11, 11.11)
	Writing IO time (SAM) avg: 6.17, (6.17, 6.17)
	Reading IO time (Reference Genome) avg: 0.89, (0.89, 0.89)
	Index read time avg: 1.83, (1.83, 1.83)

	Overall time (sec) (Excluding Index reading time):
	PROCESS() (Total compute time + (read + SAM) IO time) : 150.80
	MEM_PROCESS_SEQ() (Total compute time (Kernel + SAM)), avg: 149.08, (149.08, 149.08)

	 SAM Processing time (sec):
	--WORKER_SAM avg: 67.96, (67.96, 67.96)

	Kernels' compute time (sec):
	Total kernel (smem+sal+bsw) time avg: 80.80, (80.80, 80.80)
		SMEM compute avg: 29.15, (29.26, 28.99)
		SAL compute avg: 10.57, (10.68, 10.48)
				MEM_SA avg: 4.00, (4.03, 3.93)

		BSW time, avg: 37.28, (37.38, 37.18)

Important parameter settings: 
	BATCH_SIZE: 512
	MAX_SEQ_LEN_REF: 256
	MAX_SEQ_LEN_QER: 128
	MAX_SEQ_LEN8: 128
	SEEDS_PER_READ: 500
	SIMD_WIDTH8 X: 32
	SIMD_WIDTH16 X: 16
	AVG_SEEDS_PER_READ: 64
@ Aligning 2024_35_C...
Looking to launch executable "/gpfs1/sw/rh9/pkgs/bwa-mem2/2.2.1/bwa-mem2.avx2", simd = .avx2
Launching executable "/gpfs1/sw/rh9/pkgs/bwa-mem2/2.2.1/bwa-mem2.avx2"
-----------------------------
Executing in AVX2 mode!!
-----------------------------
* SA compression enabled with xfactor: 8
* Ref file: /gpfs1/cl/ecogen/pbio6800/PopulationGenomics/ref_genome/Pmariana/Pmariana1.0-genome_reduced.fa
* Entering FMI_search
* Index file found. Loading index from /gpfs1/cl/ecogen/pbio6800/PopulationGenomics/ref_genome/Pmariana/Pmariana1.0-genome_reduced.fa.bwt.2bit.64
* Reference seq len for bi-index = 5855199825
* sentinel-index: 2317116625
* Count:
0,	1
1,	1783324060
2,	2927599913
3,	4071875766
4,	5855199825

* Reading other elements of the index from files /gpfs1/cl/ecogen/pbio6800/PopulationGenomics/ref_genome/Pmariana/Pmariana1.0-genome_reduced.fa
* Index prefix: /gpfs1/cl/ecogen/pbio6800/PopulationGenomics/ref_genome/Pmariana/Pmariana1.0-genome_reduced.fa
* Read 0 ALT contigs
* Done reading Index!!
* Reading reference genome..
* Binary seq file = /gpfs1/cl/ecogen/pbio6800/PopulationGenomics/ref_genome/Pmariana/Pmariana1.0-genome_reduced.fa.0123
* Reference genome size: 5855199824 bp
* Done reading reference genome !!

------------------------------------------
1. Memory pre-allocation for Chaining: 1393.3971 MB
2. Memory pre-allocation for BSW: 2396.1702 MB
3. Memory pre-allocation for BWT: 773.1418 MB
------------------------------------------
* Threads used (compute): 10
* No. of pipeline threads: 2

[0000] read_chunk: 100000000, work_chunk_size: 100000024, nseq: 730900
	[0000][ M::kt_pipeline] read 730900 sequences (100000024 bp)...
[0000] Reallocating initial memory allocations!!
[0000] Calling mem_process_seqs.., task: 0
[0000] 1. Calling kt_for - worker_bwt
[0000] read_chunk: 100000000, work_chunk_size: 100000166, nseq: 732118
	[0000][ M::kt_pipeline] read 732118 sequences (100000166 bp)...
[0000] 2. Calling kt_for - worker_aln
[0000] Inferring insert size distribution of PE reads from data, l_pac: 2927599912, n: 730900
[0000][PE] # candidate unique pairs for (FF, FR, RF, RR): (26, 152269, 134, 17)
[0000][PE] analyzing insert size distribution for orientation FF...
[0000][PE] (25, 50, 75) percentile: (857, 1893, 4720)
[0000][PE] low and high boundaries for computing mean and std.dev: (1, 12446)
[0000][PE] mean and std.dev: (2785.23, 2464.36)
[0000][PE] low and high boundaries for proper pairs: (1, 16309)
[0000][PE] analyzing insert size distribution for orientation FR...
[0000][PE] (25, 50, 75) percentile: (335, 413, 506)
[0000][PE] low and high boundaries for computing mean and std.dev: (1, 848)
[0000][PE] mean and std.dev: (423.88, 128.66)
[0000][PE] low and high boundaries for proper pairs: (1, 1019)
[0000][PE] analyzing insert size distribution for orientation RF...
[0000][PE] (25, 50, 75) percentile: (121, 2098, 3793)
[0000][PE] low and high boundaries for computing mean and std.dev: (1, 11137)
[0000][PE] mean and std.dev: (2604.48, 2652.93)
[0000][PE] low and high boundaries for proper pairs: (1, 14809)
[0000][PE] analyzing insert size distribution for orientation RR...
[0000][PE] (25, 50, 75) percentile: (888, 1159, 2661)
[0000][PE] low and high boundaries for computing mean and std.dev: (1, 6207)
[0000][PE] mean and std.dev: (1315.27, 813.72)
[0000][PE] low and high boundaries for proper pairs: (1, 7980)
[0000][PE] skip orientation FF
[0000][PE] skip orientation RF
[0000][PE] skip orientation RR
[0000] 3. Calling kt_for - worker_sam
	[0000][ M::mem_process_seqs] Processed 730900 reads in 225.152 CPU sec, 23.190 real sec
[0000] Reallocating initial memory allocations!!
[0000] Calling mem_process_seqs.., task: 1
[0000] 1. Calling kt_for - worker_bwt
[0000] read_chunk: 100000000, work_chunk_size: 100000048, nseq: 733184
	[0000][ M::kt_pipeline] read 733184 sequences (100000048 bp)...
[0000] 2. Calling kt_for - worker_aln
[0000] Inferring insert size distribution of PE reads from data, l_pac: 2927599912, n: 732118
[0000][PE] # candidate unique pairs for (FF, FR, RF, RR): (26, 151923, 136, 31)
[0000][PE] analyzing insert size distribution for orientation FF...
[0000][PE] (25, 50, 75) percentile: (366, 1677, 2668)
[0000][PE] low and high boundaries for computing mean and std.dev: (1, 7272)
[0000][PE] mean and std.dev: (1766.54, 1767.37)
[0000][PE] low and high boundaries for proper pairs: (1, 9574)
[0000][PE] analyzing insert size distribution for orientation FR...
[0000][PE] (25, 50, 75) percentile: (335, 413, 506)
[0000][PE] low and high boundaries for computing mean and std.dev: (1, 848)
[0000][PE] mean and std.dev: (423.84, 128.83)
[0000][PE] low and high boundaries for proper pairs: (1, 1019)
[0000][PE] analyzing insert size distribution for orientation RF...
[0000][PE] (25, 50, 75) percentile: (184, 2122, 4273)
[0000][PE] low and high boundaries for computing mean and std.dev: (1, 12451)
[0000][PE] mean and std.dev: (2664.23, 2657.51)
[0000][PE] low and high boundaries for proper pairs: (1, 16540)
[0000][PE] analyzing insert size distribution for orientation RR...
[0000][PE] (25, 50, 75) percentile: (369, 1534, 5757)
[0000][PE] low and high boundaries for computing mean and std.dev: (1, 16533)
[0000][PE] mean and std.dev: (3126.03, 3377.63)
[0000][PE] low and high boundaries for proper pairs: (1, 21921)
[0000][PE] skip orientation FF
[0000][PE] skip orientation RF
[0000][PE] skip orientation RR
[0000] 3. Calling kt_for - worker_sam
	[0000][ M::mem_process_seqs] Processed 732118 reads in 226.210 CPU sec, 23.049 real sec
[0000] Reallocating initial memory allocations!!
[0000] Calling mem_process_seqs.., task: 2
[0000] 1. Calling kt_for - worker_bwt
[0000] read_chunk: 100000000, work_chunk_size: 100000076, nseq: 732730
	[0000][ M::kt_pipeline] read 732730 sequences (100000076 bp)...
[0000] 2. Calling kt_for - worker_aln
[0000] Inferring insert size distribution of PE reads from data, l_pac: 2927599912, n: 733184
[0000][PE] # candidate unique pairs for (FF, FR, RF, RR): (24, 151968, 137, 27)
[0000][PE] analyzing insert size distribution for orientation FF...
[0000][PE] (25, 50, 75) percentile: (639, 1934, 4540)
[0000][PE] low and high boundaries for computing mean and std.dev: (1, 12342)
[0000][PE] mean and std.dev: (2626.12, 2530.17)
[0000][PE] low and high boundaries for proper pairs: (1, 16243)
[0000][PE] analyzing insert size distribution for orientation FR...
[0000][PE] (25, 50, 75) percentile: (338, 415, 510)
[0000][PE] low and high boundaries for computing mean and std.dev: (1, 854)
[0000][PE] mean and std.dev: (427.25, 129.50)
[0000][PE] low and high boundaries for proper pairs: (1, 1026)
[0000][PE] analyzing insert size distribution for orientation RF...
[0000][PE] (25, 50, 75) percentile: (99, 2502, 5470)
[0000][PE] low and high boundaries for computing mean and std.dev: (1, 16212)
[0000][PE] mean and std.dev: (3143.42, 2965.60)
[0000][PE] low and high boundaries for proper pairs: (1, 21583)
[0000][PE] analyzing insert size distribution for orientation RR...
[0000][PE] (25, 50, 75) percentile: (401, 1169, 3122)
[0000][PE] low and high boundaries for computing mean and std.dev: (1, 8564)
[0000][PE] mean and std.dev: (1910.50, 2088.51)
[0000][PE] low and high boundaries for proper pairs: (1, 11285)
[0000][PE] skip orientation FF
[0000][PE] skip orientation RF
[0000][PE] skip orientation RR
[0000] 3. Calling kt_for - worker_sam
	[0000][ M::mem_process_seqs] Processed 733184 reads in 227.368 CPU sec, 23.215 real sec
[0000] Calling mem_process_seqs.., task: 3
[0000] 1. Calling kt_for - worker_bwt
[0000] read_chunk: 100000000, work_chunk_size: 100000008, nseq: 733788
	[0000][ M::kt_pipeline] read 733788 sequences (100000008 bp)...
[0000] 2. Calling kt_for - worker_aln
[0000] Inferring insert size distribution of PE reads from data, l_pac: 2927599912, n: 732730
[0000][PE] # candidate unique pairs for (FF, FR, RF, RR): (24, 153180, 115, 18)
[0000][PE] analyzing insert size distribution for orientation FF...
[0000][PE] (25, 50, 75) percentile: (354, 586, 2921)
[0000][PE] low and high boundaries for computing mean and std.dev: (1, 8055)
[0000][PE] mean and std.dev: (1591.78, 1849.75)
[0000][PE] low and high boundaries for proper pairs: (1, 10622)
[0000][PE] analyzing insert size distribution for orientation FR...
[0000][PE] (25, 50, 75) percentile: (326, 401, 491)
[0000][PE] low and high boundaries for computing mean and std.dev: (1, 821)
[0000][PE] mean and std.dev: (412.02, 124.50)
[0000][PE] low and high boundaries for proper pairs: (1, 986)
[0000][PE] analyzing insert size distribution for orientation RF...
[0000][PE] (25, 50, 75) percentile: (204, 2515, 4636)
[0000][PE] low and high boundaries for computing mean and std.dev: (1, 13500)
[0000][PE] mean and std.dev: (2854.37, 2714.47)
[0000][PE] low and high boundaries for proper pairs: (1, 17932)
[0000][PE] analyzing insert size distribution for orientation RR...
[0000][PE] (25, 50, 75) percentile: (487, 1124, 4468)
[0000][PE] low and high boundaries for computing mean and std.dev: (1, 12430)
[0000][PE] mean and std.dev: (2366.94, 2659.07)
[0000][PE] low and high boundaries for proper pairs: (1, 16411)
[0000][PE] skip orientation FF
[0000][PE] skip orientation RF
[0000][PE] skip orientation RR
[0000] 3. Calling kt_for - worker_sam
	[0000][ M::mem_process_seqs] Processed 732730 reads in 223.589 CPU sec, 22.812 real sec
[0000] Reallocating initial memory allocations!!
[0000] Calling mem_process_seqs.., task: 4
[0000] 1. Calling kt_for - worker_bwt
[0000] read_chunk: 100000000, work_chunk_size: 43111151, nseq: 317416
	[0000][ M::kt_pipeline] read 317416 sequences (43111151 bp)...
[0000] 2. Calling kt_for - worker_aln
[0000] Inferring insert size distribution of PE reads from data, l_pac: 2927599912, n: 733788
[0000][PE] # candidate unique pairs for (FF, FR, RF, RR): (29, 153944, 105, 27)
[0000][PE] analyzing insert size distribution for orientation FF...
[0000][PE] (25, 50, 75) percentile: (440, 1084, 2604)
[0000][PE] low and high boundaries for computing mean and std.dev: (1, 6932)
[0000][PE] mean and std.dev: (1122.67, 930.90)
[0000][PE] low and high boundaries for proper pairs: (1, 9096)
[0000][PE] analyzing insert size distribution for orientation FR...
[0000][PE] (25, 50, 75) percentile: (324, 397, 486)
[0000][PE] low and high boundaries for computing mean and std.dev: (1, 810)
[0000][PE] mean and std.dev: (407.53, 122.52)
[0000][PE] low and high boundaries for proper pairs: (1, 972)
[0000][PE] analyzing insert size distribution for orientation RF...
[0000][PE] (25, 50, 75) percentile: (221, 2346, 5787)
[0000][PE] low and high boundaries for computing mean and std.dev: (1, 16919)
[0000][PE] mean and std.dev: (3115.60, 2855.75)
[0000][PE] low and high boundaries for proper pairs: (1, 22485)
[0000][PE] analyzing insert size distribution for orientation RR...
[0000][PE] (25, 50, 75) percentile: (825, 2702, 5757)
[0000][PE] low and high boundaries for computing mean and std.dev: (1, 15621)
[0000][PE] mean and std.dev: (3505.19, 2906.67)
[0000][PE] low and high boundaries for proper pairs: (1, 20553)
[0000][PE] skip orientation FF
[0000][PE] skip orientation RF
[0000][PE] skip orientation RR
[0000] 3. Calling kt_for - worker_sam
	[0000][ M::mem_process_seqs] Processed 733788 reads in 221.415 CPU sec, 22.692 real sec
[0000] Calling mem_process_seqs.., task: 5
[0000] 1. Calling kt_for - worker_bwt
[0000] read_chunk: 100000000, work_chunk_size: 0, nseq: 0
[0000] 2. Calling kt_for - worker_aln
[0000] Inferring insert size distribution of PE reads from data, l_pac: 2927599912, n: 317416
[0000][PE] # candidate unique pairs for (FF, FR, RF, RR): (15, 66547, 52, 7)
[0000][PE] analyzing insert size distribution for orientation FF...
[0000][PE] (25, 50, 75) percentile: (376, 586, 1896)
[0000][PE] low and high boundaries for computing mean and std.dev: (1, 4936)
[0000][PE] mean and std.dev: (1231.40, 1163.99)
[0000][PE] low and high boundaries for proper pairs: (1, 6456)
[0000][PE] analyzing insert size distribution for orientation FR...
[0000][PE] (25, 50, 75) percentile: (323, 396, 485)
[0000][PE] low and high boundaries for computing mean and std.dev: (1, 809)
[0000][PE] mean and std.dev: (406.83, 121.93)
[0000][PE] low and high boundaries for proper pairs: (1, 971)
[0000][PE] analyzing insert size distribution for orientation RF...
[0000][PE] (25, 50, 75) percentile: (450, 2141, 5161)
[0000][PE] low and high boundaries for computing mean and std.dev: (1, 14583)
[0000][PE] mean and std.dev: (2890.08, 2681.72)
[0000][PE] low and high boundaries for proper pairs: (1, 19294)
[0000][PE] skip orientation RR as there are not enough pairs
[0000][PE] skip orientation FF
[0000][PE] skip orientation RF
[0000] 3. Calling kt_for - worker_sam
	[0000][ M::mem_process_seqs] Processed 317416 reads in 96.569 CPU sec, 9.987 real sec
[0000] read_chunk: 100000000, work_chunk_size: 0, nseq: 0
[0000] Computation ends..
No. of OMP threads: 10
Processor is running @2445.502805 MHz
Runtime profile:

	Time taken for main_mem function: 129.49 sec

	IO times (sec) :
	Reading IO time (reads) avg: 9.56, (9.56, 9.56)
	Writing IO time (SAM) avg: 4.77, (4.77, 4.77)
	Reading IO time (Reference Genome) avg: 0.90, (0.90, 0.90)
	Index read time avg: 1.85, (1.85, 1.85)

	Overall time (sec) (Excluding Index reading time):
	PROCESS() (Total compute time + (read + SAM) IO time) : 126.71
	MEM_PROCESS_SEQ() (Total compute time (Kernel + SAM)), avg: 124.94, (124.94, 124.94)

	 SAM Processing time (sec):
	--WORKER_SAM avg: 56.15, (56.15, 56.15)

	Kernels' compute time (sec):
	Total kernel (smem+sal+bsw) time avg: 68.54, (68.54, 68.54)
		SMEM compute avg: 24.62, (24.70, 24.50)
		SAL compute avg: 9.04, (9.09, 8.97)
				MEM_SA avg: 3.43, (3.48, 3.39)

		BSW time, avg: 31.69, (31.73, 31.60)

Important parameter settings: 
	BATCH_SIZE: 512
	MAX_SEQ_LEN_REF: 256
	MAX_SEQ_LEN_QER: 128
	MAX_SEQ_LEN8: 128
	SEEDS_PER_READ: 500
	SIMD_WIDTH8 X: 32
	SIMD_WIDTH16 X: 16
	AVG_SEEDS_PER_READ: 64
