------------------------------------
PCAngsd v1.36.1
Jonas Meisner and Anders Albrechtsen
Using 10 thread(s)
------------------------------------

Parsing Beagle file.
Loaded 971934 sites and 113 samples.
Estimating minor allele frequencies.
EM (MAF) converged at iteration: 7
Number of sites after MAF filtering (0.05): 697053

Estimating covariance matrix.
Using 4 principal components (manually selected).
Individual allele frequencies estimated (1).
Individual allele frequencies estimated (2).	RMSE=0.0941618
Individual allele frequencies estimated (3).	RMSE=0.0940812
Individual allele frequencies estimated (4).	RMSE=0.0940741
Individual allele frequencies estimated (5).	RMSE=0.0041423
Individual allele frequencies estimated (6).	RMSE=0.0008193
Individual allele frequencies estimated (7).	RMSE=0.0940812
Individual allele frequencies estimated (8).	RMSE=0.0021072
Individual allele frequencies estimated (9).	RMSE=0.0027879
Individual allele frequencies estimated (10).	RMSE=0.0940723
Individual allele frequencies estimated (11).	RMSE=0.0036197
Individual allele frequencies estimated (12).	RMSE=0.0038534
Individual allele frequencies estimated (13).	RMSE=0.0039397
Individual allele frequencies estimated (14).	RMSE=0.0039281
Individual allele frequencies estimated (15).	RMSE=0.0037727
Individual allele frequencies estimated (16).	RMSE=0.0034911
Individual allele frequencies estimated (17).	RMSE=0.0031652
Individual allele frequencies estimated (18).	RMSE=0.0940721
Individual allele frequencies estimated (19).	RMSE=0.0024041
Individual allele frequencies estimated (20).	RMSE=0.0020799
Individual allele frequencies estimated (21).	RMSE=0.0018060
Individual allele frequencies estimated (22).	RMSE=0.0015343
Individual allele frequencies estimated (23).	RMSE=0.0013114
Individual allele frequencies estimated (24).	RMSE=0.0011217
Individual allele frequencies estimated (25).	RMSE=0.0009676
Individual allele frequencies estimated (26).	RMSE=0.0008155
Individual allele frequencies estimated (27).	RMSE=0.0006800
Individual allele frequencies estimated (28).	RMSE=0.0005687
Individual allele frequencies estimated (29).	RMSE=0.0004892
Individual allele frequencies estimated (30).	RMSE=0.0004085
Individual allele frequencies estimated (31).	RMSE=0.0003587
Individual allele frequencies estimated (32).	RMSE=0.0002796
Individual allele frequencies estimated (33).	RMSE=0.0002309
Individual allele frequencies estimated (34).	RMSE=0.0001940
Individual allele frequencies estimated (35).	RMSE=0.0001566
Individual allele frequencies estimated (36).	RMSE=0.0001252
Individual allele frequencies estimated (37).	RMSE=0.0001010
Individual allele frequencies estimated (38).	RMSE=0.0000872
Individual allele frequencies estimated (39).	RMSE=0.0000803
Individual allele frequencies estimated (40).	RMSE=0.0000788
Individual allele frequencies estimated (41).	RMSE=0.0000835
Individual allele frequencies estimated (42).	RMSE=0.0000869
Individual allele frequencies estimated (43).	RMSE=0.0000946
Individual allele frequencies estimated (44).	RMSE=0.0001067
Individual allele frequencies estimated (45).	RMSE=0.0001089
Individual allele frequencies estimated (46).	RMSE=0.0001098
Individual allele frequencies estimated (47).	RMSE=0.0001169
Individual allele frequencies estimated (48).	RMSE=0.0001164
Individual allele frequencies estimated (49).	RMSE=0.0001162
Individual allele frequencies estimated (50).	RMSE=0.0001266
Individual allele frequencies estimated (51).	RMSE=0.0001308
Individual allele frequencies estimated (52).	RMSE=0.0001191
Individual allele frequencies estimated (53).	RMSE=0.0001386
Individual allele frequencies estimated (54).	RMSE=0.0001419
Individual allele frequencies estimated (55).	RMSE=0.0001403
Individual allele frequencies estimated (56).	RMSE=0.0001392
Individual allele frequencies estimated (57).	RMSE=0.0001421
Individual allele frequencies estimated (58).	RMSE=0.0001460
Individual allele frequencies estimated (59).	RMSE=0.0001448
Individual allele frequencies estimated (60).	RMSE=0.0001428
Individual allele frequencies estimated (61).	RMSE=0.0001473
Individual allele frequencies estimated (62).	RMSE=0.0001453
Individual allele frequencies estimated (63).	RMSE=0.0001387
Individual allele frequencies estimated (64).	RMSE=0.0001384
Individual allele frequencies estimated (65).	RMSE=0.0001355
Individual allele frequencies estimated (66).	RMSE=0.0001338
Individual allele frequencies estimated (67).	RMSE=0.0001378
Individual allele frequencies estimated (68).	RMSE=0.0001416
Individual allele frequencies estimated (69).	RMSE=0.0001339
Individual allele frequencies estimated (70).	RMSE=0.0001270
Individual allele frequencies estimated (71).	RMSE=0.0001265
Individual allele frequencies estimated (72).	RMSE=0.0001271
Individual allele frequencies estimated (73).	RMSE=0.0001254
Individual allele frequencies estimated (74).	RMSE=0.0001313
Individual allele frequencies estimated (75).	RMSE=0.0001289
Individual allele frequencies estimated (76).	RMSE=0.0001207
Individual allele frequencies estimated (77).	RMSE=0.0001203
Individual allele frequencies estimated (78).	RMSE=0.0001161
Individual allele frequencies estimated (79).	RMSE=0.0001174
Individual allele frequencies estimated (80).	RMSE=0.0001129
Individual allele frequencies estimated (81).	RMSE=0.0001156
Individual allele frequencies estimated (82).	RMSE=0.0001186
Individual allele frequencies estimated (83).	RMSE=0.0001099
Individual allele frequencies estimated (84).	RMSE=0.0001084
Individual allele frequencies estimated (85).	RMSE=0.0001061
Individual allele frequencies estimated (86).	RMSE=0.0001075
Individual allele frequencies estimated (87).	RMSE=0.0000986
Individual allele frequencies estimated (88).	RMSE=0.0000976
Individual allele frequencies estimated (89).	RMSE=0.0000989
Individual allele frequencies estimated (90).	RMSE=0.0000951
Individual allele frequencies estimated (91).	RMSE=0.0000919
Individual allele frequencies estimated (92).	RMSE=0.0000877
Individual allele frequencies estimated (93).	RMSE=0.0000861
Individual allele frequencies estimated (94).	RMSE=0.0000840
Individual allele frequencies estimated (95).	RMSE=0.0940721
Individual allele frequencies estimated (96).	RMSE=0.0000822
Individual allele frequencies estimated (97).	RMSE=0.0000836
Individual allele frequencies estimated (98).	RMSE=0.0000857
Individual allele frequencies estimated (99).	RMSE=0.0000873
Individual allele frequencies estimated (100).	RMSE=0.0000783
Individual allele frequencies estimated (101).	RMSE=0.0000780
PCAngsd did not converge!
Saved covariance matrix as //users/j/n/jnzapata/projects/eco_genomics_2025/population_genomics/myresults/ANGSD/PCA_ADMIX/RSBS_poly_K5.cov

Estimating admixture proportions using NMF (CSG-MU).
K=5, Alpha=0.0, Batches=10, Seed=0
CSG-MU (1).	RMSE=0.198563141
CSG-MU (2).	RMSE=0.137691633
CSG-MU (3).	RMSE=0.056137461
CSG-MU (4).	RMSE=0.099676667
CSG-MU (5).	RMSE=0.036621984
CSG-MU (6).	RMSE=0.016168335
CSG-MU (7).	RMSE=0.007841282
CSG-MU (8).	RMSE=0.004076198
CSG-MU (9).	RMSE=0.002009373
CSG-MU (10).	RMSE=0.001117316
CSG-MU (11).	RMSE=0.000634222
CSG-MU (12).	RMSE=0.000385385
CSG-MU (13).	RMSE=0.000251169
CSG-MU (14).	RMSE=0.000167571
CSG-MU (15).	RMSE=0.000108372
CSG-MU (16).	RMSE=0.000073558
CSG-MU (17).	RMSE=0.000051132
CSG-MU (18).	RMSE=0.000035143
CSG-MU (19).	RMSE=0.000025542
CSG-MU (20).	RMSE=0.000018767
CSG-MU (21).	RMSE=0.000014601
CSG-MU (22).	RMSE=0.000011211
CSG-MU (23).	RMSE=0.000008204
Converged.
Frobenius error: 95.27903
Log-likelihood: -58914361.37424
Saved admixture proportions as //users/j/n/jnzapata/projects/eco_genomics_2025/population_genomics/myresults/ANGSD/PCA_ADMIX/RSBS_poly_K5.admix.5.Q
Saved ancestral allele frequencies proportions as //users/j/n/jnzapata/projects/eco_genomics_2025/population_genomics/myresults/ANGSD/PCA_ADMIX/RSBS_poly_K5.admix.5.P

Total elapsed time: 5m16s
