------------------------------------
PCAngsd v1.36.1
Jonas Meisner and Anders Albrechtsen
Using 10 thread(s)
------------------------------------

Parsing Beagle file.
Loaded 971934 sites and 113 samples.
Estimating minor allele frequencies.
EM (MAF) converged at iteration: 7
Number of sites after MAF filtering (0.05): 697053

Estimating covariance matrix.
Using 3 principal components (manually selected).
Individual allele frequencies estimated (1).
Individual allele frequencies estimated (2).	RMSE=0.0060720
Individual allele frequencies estimated (3).	RMSE=0.0027869
Individual allele frequencies estimated (4).	RMSE=0.0015909
Individual allele frequencies estimated (5).	RMSE=0.0010844
Individual allele frequencies estimated (6).	RMSE=0.1086263
Individual allele frequencies estimated (7).	RMSE=0.0006689
Individual allele frequencies estimated (8).	RMSE=0.0005615
Individual allele frequencies estimated (9).	RMSE=0.0004812
Individual allele frequencies estimated (10).	RMSE=0.0004169
Individual allele frequencies estimated (11).	RMSE=0.0003643
Individual allele frequencies estimated (12).	RMSE=0.0003178
Individual allele frequencies estimated (13).	RMSE=0.0002799
Individual allele frequencies estimated (14).	RMSE=0.0002478
Individual allele frequencies estimated (15).	RMSE=0.0002216
Individual allele frequencies estimated (16).	RMSE=0.0001991
Individual allele frequencies estimated (17).	RMSE=0.0001790
Individual allele frequencies estimated (18).	RMSE=0.0001610
Individual allele frequencies estimated (19).	RMSE=0.0001476
Individual allele frequencies estimated (20).	RMSE=0.0001337
Individual allele frequencies estimated (21).	RMSE=0.0001225
Individual allele frequencies estimated (22).	RMSE=0.0001130
Individual allele frequencies estimated (23).	RMSE=0.0001042
Individual allele frequencies estimated (24).	RMSE=0.0000971
Individual allele frequencies estimated (25).	RMSE=0.0000905
Individual allele frequencies estimated (26).	RMSE=0.0000848
Individual allele frequencies estimated (27).	RMSE=0.0000795
Individual allele frequencies estimated (28).	RMSE=0.0000751
Individual allele frequencies estimated (29).	RMSE=0.0000711
Individual allele frequencies estimated (30).	RMSE=0.0000674
Individual allele frequencies estimated (31).	RMSE=0.0000644
Individual allele frequencies estimated (32).	RMSE=0.0000618
Individual allele frequencies estimated (33).	RMSE=0.0000587
Individual allele frequencies estimated (34).	RMSE=0.0000564
Individual allele frequencies estimated (35).	RMSE=0.0000539
Individual allele frequencies estimated (36).	RMSE=0.0000519
Individual allele frequencies estimated (37).	RMSE=0.0000498
Individual allele frequencies estimated (38).	RMSE=0.0000480
Individual allele frequencies estimated (39).	RMSE=0.0000462
Individual allele frequencies estimated (40).	RMSE=0.0000447
Individual allele frequencies estimated (41).	RMSE=0.0000429
Individual allele frequencies estimated (42).	RMSE=0.0000413
Individual allele frequencies estimated (43).	RMSE=0.0000399
Individual allele frequencies estimated (44).	RMSE=0.0000386
Individual allele frequencies estimated (45).	RMSE=0.0000373
Individual allele frequencies estimated (46).	RMSE=0.0000359
Individual allele frequencies estimated (47).	RMSE=0.0000346
Individual allele frequencies estimated (48).	RMSE=0.0000336
Individual allele frequencies estimated (49).	RMSE=0.0000325
Individual allele frequencies estimated (50).	RMSE=0.0000311
Individual allele frequencies estimated (51).	RMSE=0.0000301
Individual allele frequencies estimated (52).	RMSE=0.0000289
Individual allele frequencies estimated (53).	RMSE=0.0000278
Individual allele frequencies estimated (54).	RMSE=0.0000268
Individual allele frequencies estimated (55).	RMSE=0.0000260
Individual allele frequencies estimated (56).	RMSE=0.0000250
Individual allele frequencies estimated (57).	RMSE=0.0000241
Individual allele frequencies estimated (58).	RMSE=0.0000232
Individual allele frequencies estimated (59).	RMSE=0.0000223
Individual allele frequencies estimated (60).	RMSE=0.0000214
Individual allele frequencies estimated (61).	RMSE=0.0000206
Individual allele frequencies estimated (62).	RMSE=0.0000201
Individual allele frequencies estimated (63).	RMSE=0.0000194
Individual allele frequencies estimated (64).	RMSE=0.0000186
Individual allele frequencies estimated (65).	RMSE=0.0000180
Individual allele frequencies estimated (66).	RMSE=0.0000175
Individual allele frequencies estimated (67).	RMSE=0.0000167
Individual allele frequencies estimated (68).	RMSE=0.0000161
Individual allele frequencies estimated (69).	RMSE=0.0000155
Individual allele frequencies estimated (70).	RMSE=0.0000154
Individual allele frequencies estimated (71).	RMSE=0.0000146
Individual allele frequencies estimated (72).	RMSE=0.0000142
Individual allele frequencies estimated (73).	RMSE=0.0000136
Individual allele frequencies estimated (74).	RMSE=0.0000134
Individual allele frequencies estimated (75).	RMSE=0.0000129
Individual allele frequencies estimated (76).	RMSE=0.0000126
Individual allele frequencies estimated (77).	RMSE=0.0000122
Individual allele frequencies estimated (78).	RMSE=0.0000118
Individual allele frequencies estimated (79).	RMSE=0.0000115
Individual allele frequencies estimated (80).	RMSE=0.0000115
Individual allele frequencies estimated (81).	RMSE=0.0000107
Individual allele frequencies estimated (82).	RMSE=0.0000105
Individual allele frequencies estimated (83).	RMSE=0.0000103
Individual allele frequencies estimated (84).	RMSE=0.0000098
PCAngsd converged.
Saved covariance matrix as //users/j/n/jnzapata/projects/eco_genomics_2025/population_genomics/myresults/ANGSD/PCA_ADMIX/RSBS_poly_K4.cov

Estimating admixture proportions using NMF (CSG-MU).
K=4, Alpha=0.0, Batches=10, Seed=0
CSG-MU (1).	RMSE=0.232065952
CSG-MU (2).	RMSE=0.120854537
CSG-MU (3).	RMSE=0.119328494
CSG-MU (4).	RMSE=0.045066096
CSG-MU (5).	RMSE=0.015113974
CSG-MU (6).	RMSE=0.006031631
CSG-MU (7).	RMSE=0.002841926
CSG-MU (8).	RMSE=0.001531050
CSG-MU (9).	RMSE=0.000915895
CSG-MU (10).	RMSE=0.000573144
CSG-MU (11).	RMSE=0.000383991
CSG-MU (12).	RMSE=0.000260054
CSG-MU (13).	RMSE=0.000180984
CSG-MU (14).	RMSE=0.000126162
CSG-MU (15).	RMSE=0.000092039
CSG-MU (16).	RMSE=0.000067499
CSG-MU (17).	RMSE=0.000050286
CSG-MU (18).	RMSE=0.000036362
CSG-MU (19).	RMSE=0.000029351
CSG-MU (20).	RMSE=0.000022726
CSG-MU (21).	RMSE=0.000019269
CSG-MU (22).	RMSE=0.000014458
CSG-MU (23).	RMSE=0.000011421
CSG-MU (24).	RMSE=0.000008944
Converged.
Frobenius error: 74.19247
Log-likelihood: -59268692.16858
Saved admixture proportions as //users/j/n/jnzapata/projects/eco_genomics_2025/population_genomics/myresults/ANGSD/PCA_ADMIX/RSBS_poly_K4.admix.4.Q
Saved ancestral allele frequencies proportions as //users/j/n/jnzapata/projects/eco_genomics_2025/population_genomics/myresults/ANGSD/PCA_ADMIX/RSBS_poly_K4.admix.4.P

Total elapsed time: 4m22s
