mkdir: cannot create directory ‘/users/j/n/jnzapata/projects/eco_genomics_2025/population_genomics/myresults/ANGSD/PCA_ADMIX’: File exists
------------------------------------
PCAngsd v1.36.1
Jonas Meisner and Anders Albrechtsen
Using 10 thread(s)
------------------------------------

Parsing Beagle file.
Loaded 971934 sites and 113 samples.
Estimating minor allele frequencies.
EM (MAF) converged at iteration: 7
Number of sites after MAF filtering (0.05): 697053

Estimating covariance matrix.
Using 2 principal components (manually selected).
Individual allele frequencies estimated (1).
Individual allele frequencies estimated (2).	RMSE=0.0028536
Individual allele frequencies estimated (3).	RMSE=0.0017146
Individual allele frequencies estimated (4).	RMSE=0.0011759
Individual allele frequencies estimated (5).	RMSE=0.0008572
Individual allele frequencies estimated (6).	RMSE=0.0006487
Individual allele frequencies estimated (7).	RMSE=0.1330374
Individual allele frequencies estimated (8).	RMSE=0.0003951
Individual allele frequencies estimated (9).	RMSE=0.0003152
Individual allele frequencies estimated (10).	RMSE=0.0002558
Individual allele frequencies estimated (11).	RMSE=0.0002097
Individual allele frequencies estimated (12).	RMSE=0.0001753
Individual allele frequencies estimated (13).	RMSE=0.0001484
Individual allele frequencies estimated (14).	RMSE=0.0001274
Individual allele frequencies estimated (15).	RMSE=0.0001117
Individual allele frequencies estimated (16).	RMSE=0.0000989
Individual allele frequencies estimated (17).	RMSE=0.0000891
Individual allele frequencies estimated (18).	RMSE=0.0000813
Individual allele frequencies estimated (19).	RMSE=0.0000752
Individual allele frequencies estimated (20).	RMSE=0.0000705
Individual allele frequencies estimated (21).	RMSE=0.0000664
Individual allele frequencies estimated (22).	RMSE=0.0000629
Individual allele frequencies estimated (23).	RMSE=0.0000604
Individual allele frequencies estimated (24).	RMSE=0.0000580
Individual allele frequencies estimated (25).	RMSE=0.0000560
Individual allele frequencies estimated (26).	RMSE=0.0000542
Individual allele frequencies estimated (27).	RMSE=0.0000528
Individual allele frequencies estimated (28).	RMSE=0.0000512
Individual allele frequencies estimated (29).	RMSE=0.0000497
Individual allele frequencies estimated (30).	RMSE=0.0000484
Individual allele frequencies estimated (31).	RMSE=0.0000472
Individual allele frequencies estimated (32).	RMSE=0.0000460
Individual allele frequencies estimated (33).	RMSE=0.0000448
Individual allele frequencies estimated (34).	RMSE=0.0000437
Individual allele frequencies estimated (35).	RMSE=0.0000426
Individual allele frequencies estimated (36).	RMSE=0.0000414
Individual allele frequencies estimated (37).	RMSE=0.0000404
Individual allele frequencies estimated (38).	RMSE=0.0000392
Individual allele frequencies estimated (39).	RMSE=0.0000381
Individual allele frequencies estimated (40).	RMSE=0.0000370
Individual allele frequencies estimated (41).	RMSE=0.0000360
Individual allele frequencies estimated (42).	RMSE=0.0000349
Individual allele frequencies estimated (43).	RMSE=0.0000341
Individual allele frequencies estimated (44).	RMSE=0.0000329
Individual allele frequencies estimated (45).	RMSE=0.0000317
Individual allele frequencies estimated (46).	RMSE=0.0000306
Individual allele frequencies estimated (47).	RMSE=0.0000295
Individual allele frequencies estimated (48).	RMSE=0.0000287
Individual allele frequencies estimated (49).	RMSE=0.0000274
Individual allele frequencies estimated (50).	RMSE=0.0000265
Individual allele frequencies estimated (51).	RMSE=0.0000254
Individual allele frequencies estimated (52).	RMSE=0.0000244
Individual allele frequencies estimated (53).	RMSE=0.0000235
Individual allele frequencies estimated (54).	RMSE=0.0000225
Individual allele frequencies estimated (55).	RMSE=0.0000215
Individual allele frequencies estimated (56).	RMSE=0.0000206
Individual allele frequencies estimated (57).	RMSE=0.0000196
Individual allele frequencies estimated (58).	RMSE=0.0000188
Individual allele frequencies estimated (59).	RMSE=0.0000179
Individual allele frequencies estimated (60).	RMSE=0.0000172
Individual allele frequencies estimated (61).	RMSE=0.0000164
Individual allele frequencies estimated (62).	RMSE=0.0000154
Individual allele frequencies estimated (63).	RMSE=0.0000147
Individual allele frequencies estimated (64).	RMSE=0.0000138
Individual allele frequencies estimated (65).	RMSE=0.0000133
Individual allele frequencies estimated (66).	RMSE=0.0000126
Individual allele frequencies estimated (67).	RMSE=0.0000118
Individual allele frequencies estimated (68).	RMSE=0.0000113
Individual allele frequencies estimated (69).	RMSE=0.0000109
Individual allele frequencies estimated (70).	RMSE=0.0000101
Individual allele frequencies estimated (71).	RMSE=0.0000094
PCAngsd converged.
Saved covariance matrix as //users/j/n/jnzapata/projects/eco_genomics_2025/population_genomics/myresults/ANGSD/PCA_ADMIX/RSBS_poly_K3.cov

Estimating admixture proportions using NMF (CSG-MU).
K=3, Alpha=0.0, Batches=10, Seed=0
CSG-MU (1).	RMSE=0.260921643
CSG-MU (2).	RMSE=0.091781968
CSG-MU (3).	RMSE=0.155791433
CSG-MU (4).	RMSE=0.048783617
CSG-MU (5).	RMSE=0.024868303
CSG-MU (6).	RMSE=0.009634983
CSG-MU (7).	RMSE=0.005139404
CSG-MU (8).	RMSE=0.003224179
CSG-MU (9).	RMSE=0.002249349
CSG-MU (10).	RMSE=0.001495496
CSG-MU (11).	RMSE=0.001107235
CSG-MU (12).	RMSE=0.000816047
CSG-MU (13).	RMSE=0.000608992
CSG-MU (14).	RMSE=0.000454544
CSG-MU (15).	RMSE=0.000358680
CSG-MU (16).	RMSE=0.000285208
CSG-MU (17).	RMSE=0.000225180
CSG-MU (18).	RMSE=0.000179324
CSG-MU (19).	RMSE=0.000145164
CSG-MU (20).	RMSE=0.000115234
CSG-MU (21).	RMSE=0.000095725
CSG-MU (22).	RMSE=0.000076760
CSG-MU (23).	RMSE=0.000061215
CSG-MU (24).	RMSE=0.000052628
CSG-MU (25).	RMSE=0.000042889
CSG-MU (26).	RMSE=0.000032591
CSG-MU (27).	RMSE=0.000030642
CSG-MU (28).	RMSE=0.000023568
CSG-MU (29).	RMSE=0.000019382
CSG-MU (30).	RMSE=0.000015708
CSG-MU (31).	RMSE=0.000013724
CSG-MU (32).	RMSE=0.000011071
CSG-MU (33).	RMSE=0.000009810
Converged.
Frobenius error: 54.59107
Log-likelihood: -59635613.53546
Saved admixture proportions as //users/j/n/jnzapata/projects/eco_genomics_2025/population_genomics/myresults/ANGSD/PCA_ADMIX/RSBS_poly_K3.admix.3.Q
Saved ancestral allele frequencies proportions as //users/j/n/jnzapata/projects/eco_genomics_2025/population_genomics/myresults/ANGSD/PCA_ADMIX/RSBS_poly_K3.admix.3.P

Total elapsed time: 3m37s
