------------------------------------
PCAngsd v1.36.1
Jonas Meisner and Anders Albrechtsen
Using 10 thread(s)
------------------------------------

Parsing Beagle file.
Loaded 687863 sites and 95 samples.
Estimating minor allele frequencies.
EM (MAF) converged at iteration: 7
Number of sites after MAF filtering (0.05): 542303

Estimating covariance matrix.
Using 4 principal components (manually selected).
Individual allele frequencies estimated (1).
Individual allele frequencies estimated (2).	RMSE=0.1026754
Individual allele frequencies estimated (3).	RMSE=0.0366319
Individual allele frequencies estimated (4).	RMSE=0.0099254
Individual allele frequencies estimated (5).	RMSE=0.0029038
Individual allele frequencies estimated (6).	RMSE=0.0010125
Individual allele frequencies estimated (7).	RMSE=0.0007545
Individual allele frequencies estimated (8).	RMSE=0.0009497
Individual allele frequencies estimated (9).	RMSE=0.1026032
Individual allele frequencies estimated (10).	RMSE=0.0011847
Individual allele frequencies estimated (11).	RMSE=0.0012543
Individual allele frequencies estimated (12).	RMSE=0.0012094
Individual allele frequencies estimated (13).	RMSE=0.0011882
Individual allele frequencies estimated (14).	RMSE=0.0011523
Individual allele frequencies estimated (15).	RMSE=0.0010929
Individual allele frequencies estimated (16).	RMSE=0.0010257
Individual allele frequencies estimated (17).	RMSE=0.1025978
Individual allele frequencies estimated (18).	RMSE=0.0009084
Individual allele frequencies estimated (19).	RMSE=0.0008382
Individual allele frequencies estimated (20).	RMSE=0.0007631
Individual allele frequencies estimated (21).	RMSE=0.0007053
Individual allele frequencies estimated (22).	RMSE=0.0006502
Individual allele frequencies estimated (23).	RMSE=0.0005860
Individual allele frequencies estimated (24).	RMSE=0.0005258
Individual allele frequencies estimated (25).	RMSE=0.0004811
Individual allele frequencies estimated (26).	RMSE=0.0004386
Individual allele frequencies estimated (27).	RMSE=0.0004145
Individual allele frequencies estimated (28).	RMSE=0.0003673
Individual allele frequencies estimated (29).	RMSE=0.1025978
Individual allele frequencies estimated (30).	RMSE=0.0002912
Individual allele frequencies estimated (31).	RMSE=0.0002669
Individual allele frequencies estimated (32).	RMSE=0.0002533
Individual allele frequencies estimated (33).	RMSE=0.0002192
Individual allele frequencies estimated (34).	RMSE=0.0002082
Individual allele frequencies estimated (35).	RMSE=0.0001843
Individual allele frequencies estimated (36).	RMSE=0.0001760
Individual allele frequencies estimated (37).	RMSE=0.0001458
Individual allele frequencies estimated (38).	RMSE=0.0001323
Individual allele frequencies estimated (39).	RMSE=0.0001169
Individual allele frequencies estimated (40).	RMSE=0.0001174
Individual allele frequencies estimated (41).	RMSE=0.0001054
Individual allele frequencies estimated (42).	RMSE=0.0000983
Individual allele frequencies estimated (43).	RMSE=0.0000897
Individual allele frequencies estimated (44).	RMSE=0.0000830
Individual allele frequencies estimated (45).	RMSE=0.0000744
Individual allele frequencies estimated (46).	RMSE=0.0000672
Individual allele frequencies estimated (47).	RMSE=0.0000651
Individual allele frequencies estimated (48).	RMSE=0.0000618
Individual allele frequencies estimated (49).	RMSE=0.0000568
Individual allele frequencies estimated (50).	RMSE=0.0000588
Individual allele frequencies estimated (51).	RMSE=0.0000602
Individual allele frequencies estimated (52).	RMSE=0.0000575
Individual allele frequencies estimated (53).	RMSE=0.0000588
Individual allele frequencies estimated (54).	RMSE=0.0000527
Individual allele frequencies estimated (55).	RMSE=0.0000476
Individual allele frequencies estimated (56).	RMSE=0.0000445
Individual allele frequencies estimated (57).	RMSE=0.0000453
Individual allele frequencies estimated (58).	RMSE=0.0000468
Individual allele frequencies estimated (59).	RMSE=0.0000423
Individual allele frequencies estimated (60).	RMSE=0.0000395
Individual allele frequencies estimated (61).	RMSE=0.0000386
Individual allele frequencies estimated (62).	RMSE=0.0000388
Individual allele frequencies estimated (63).	RMSE=0.0000395
Individual allele frequencies estimated (64).	RMSE=0.0000397
Individual allele frequencies estimated (65).	RMSE=0.0000388
Individual allele frequencies estimated (66).	RMSE=0.0000384
Individual allele frequencies estimated (67).	RMSE=0.0000425
Individual allele frequencies estimated (68).	RMSE=0.0000386
Individual allele frequencies estimated (69).	RMSE=0.0000388
Individual allele frequencies estimated (70).	RMSE=0.0000392
Individual allele frequencies estimated (71).	RMSE=0.0000377
Individual allele frequencies estimated (72).	RMSE=0.0000358
Individual allele frequencies estimated (73).	RMSE=0.0000351
Individual allele frequencies estimated (74).	RMSE=0.0000323
Individual allele frequencies estimated (75).	RMSE=0.0000358
Individual allele frequencies estimated (76).	RMSE=0.0000347
Individual allele frequencies estimated (77).	RMSE=0.0000331
Individual allele frequencies estimated (78).	RMSE=0.0000355
Individual allele frequencies estimated (79).	RMSE=0.0000353
Individual allele frequencies estimated (80).	RMSE=0.0000343
Individual allele frequencies estimated (81).	RMSE=0.0000347
Individual allele frequencies estimated (82).	RMSE=0.0000355
Individual allele frequencies estimated (83).	RMSE=0.0000352
Individual allele frequencies estimated (84).	RMSE=0.0000363
Individual allele frequencies estimated (85).	RMSE=0.0000382
Individual allele frequencies estimated (86).	RMSE=0.0000341
Individual allele frequencies estimated (87).	RMSE=0.0000340
Individual allele frequencies estimated (88).	RMSE=0.0000352
Individual allele frequencies estimated (89).	RMSE=0.0000325
Individual allele frequencies estimated (90).	RMSE=0.0000333
Individual allele frequencies estimated (91).	RMSE=0.0000318
Individual allele frequencies estimated (92).	RMSE=0.0000318
Individual allele frequencies estimated (93).	RMSE=0.0000325
Individual allele frequencies estimated (94).	RMSE=0.0000324
Individual allele frequencies estimated (95).	RMSE=0.0000326
Individual allele frequencies estimated (96).	RMSE=0.0000318
Individual allele frequencies estimated (97).	RMSE=0.0000328
Individual allele frequencies estimated (98).	RMSE=0.0000308
Individual allele frequencies estimated (99).	RMSE=0.0000337
Individual allele frequencies estimated (100).	RMSE=0.0000302
Individual allele frequencies estimated (101).	RMSE=0.0000301
PCAngsd did not converge!
Saved covariance matrix as //users/j/n/jnzapata/projects/eco_genomics_2025/population_genomics/myresults/ANGSD/PCA_ADMIX/allRS_poly_K5.cov

Performing selection scan (FastPCA) for 4 PCs.
Saved test statistics as //users/j/n/jnzapata/projects/eco_genomics_2025/population_genomics/myresults/ANGSD/PCA_ADMIX/allRS_poly_K5.selection

Estimating SNP weights for 4 PCs.
Saved SNP weights as //users/j/n/jnzapata/projects/eco_genomics_2025/population_genomics/myresults/ANGSD/PCA_ADMIX/allRS_poly_K5.weights

Estimating admixture proportions using NMF (CSG-MU).
K=5, Alpha=0.0, Batches=10, Seed=0
CSG-MU (1).	RMSE=0.114138957
CSG-MU (2).	RMSE=0.203684811
CSG-MU (3).	RMSE=0.046112721
CSG-MU (4).	RMSE=0.024102000
CSG-MU (5).	RMSE=0.013388404
CSG-MU (6).	RMSE=0.008049760
CSG-MU (7).	RMSE=0.005132209
CSG-MU (8).	RMSE=0.003420467
CSG-MU (9).	RMSE=0.002405911
CSG-MU (10).	RMSE=0.002216942
CSG-MU (11).	RMSE=0.001590995
CSG-MU (12).	RMSE=0.001306423
CSG-MU (13).	RMSE=0.001073366
CSG-MU (14).	RMSE=0.000882495
CSG-MU (15).	RMSE=0.000723685
CSG-MU (16).	RMSE=0.000592349
CSG-MU (17).	RMSE=0.000494683
CSG-MU (18).	RMSE=0.000420690
CSG-MU (19).	RMSE=0.000362971
CSG-MU (20).	RMSE=0.000312198
CSG-MU (21).	RMSE=0.000271221
CSG-MU (22).	RMSE=0.000233302
CSG-MU (23).	RMSE=0.000203929
CSG-MU (24).	RMSE=0.000181772
CSG-MU (25).	RMSE=0.000159703
CSG-MU (26).	RMSE=0.000141416
CSG-MU (27).	RMSE=0.000123140
CSG-MU (28).	RMSE=0.000107732
CSG-MU (29).	RMSE=0.000094724
CSG-MU (30).	RMSE=0.000082342
CSG-MU (31).	RMSE=0.000072083
CSG-MU (32).	RMSE=0.000064213
CSG-MU (33).	RMSE=0.000056386
CSG-MU (34).	RMSE=0.000049906
CSG-MU (35).	RMSE=0.000043849
CSG-MU (36).	RMSE=0.000038219
CSG-MU (37).	RMSE=0.000033843
CSG-MU (38).	RMSE=0.000030054
CSG-MU (39).	RMSE=0.000027007
CSG-MU (40).	RMSE=0.000024030
CSG-MU (41).	RMSE=0.000020621
CSG-MU (42).	RMSE=0.000020077
CSG-MU (43).	RMSE=0.000017216
CSG-MU (44).	RMSE=0.000015303
CSG-MU (45).	RMSE=0.000014062
CSG-MU (46).	RMSE=0.000012124
CSG-MU (47).	RMSE=0.000010923
CSG-MU (48).	RMSE=0.000010062
CSG-MU (49).	RMSE=0.000008889
Converged.
Frobenius error: 122.54792
Log-likelihood: -40745693.78721
Saved admixture proportions as //users/j/n/jnzapata/projects/eco_genomics_2025/population_genomics/myresults/ANGSD/PCA_ADMIX/allRS_poly_K5.admix.5.Q
Saved ancestral allele frequencies proportions as //users/j/n/jnzapata/projects/eco_genomics_2025/population_genomics/myresults/ANGSD/PCA_ADMIX/allRS_poly_K5.admix.5.P

Saved minor allele frequencies as //users/j/n/jnzapata/projects/eco_genomics_2025/population_genomics/myresults/ANGSD/PCA_ADMIX/allRS_poly_K5.freqs

Creating boolean vector of sites surviving filters.
Saved boolean vector of sites kept after filtering as //users/j/n/jnzapata/projects/eco_genomics_2025/population_genomics/myresults/ANGSD/PCA_ADMIX/allRS_poly_K5.sites
Total elapsed time: 6m34s
