PCAngsd v1.36.1
Time: 10/10/2025 17:33:24
Directory: /gpfs1/home/j/n/jnzapata/projects/eco_genomics_2025/population_genomics/myscripts
Options:
	--beagle /gpfs1/cl/ecogen/pbio6800/PopulationGenomics/ANGSD/allRS_poly.beagle.gz
	--eig 3
	--threads 10
	--out //users/j/n/jnzapata/projects/eco_genomics_2025/population_genomics/myresults/ANGSD/PCA_ADMIX/allRS_poly_K4
	--selection
	--snp_weights
	--selection_eig 3
	--admix
	--admix_K 4
	--maf_save
	--sites_save

Loaded 687863 sites and 95 samples.
Number of sites after MAF filtering (0.05): 542303

PCAngsd did not converge using 3 eigenvectors!
Saved covariance matrix as //users/j/n/jnzapata/projects/eco_genomics_2025/population_genomics/myresults/ANGSD/PCA_ADMIX/allRS_poly_K4.cov
Saved test statistics as //users/j/n/jnzapata/projects/eco_genomics_2025/population_genomics/myresults/ANGSD/PCA_ADMIX/allRS_poly_K4.selection
Saved SNP weights as //users/j/n/jnzapata/projects/eco_genomics_2025/population_genomics/myresults/ANGSD/PCA_ADMIX/allRS_poly_K4.weights
Saved admixture proportions as //users/j/n/jnzapata/projects/eco_genomics_2025/population_genomics/myresults/ANGSD/PCA_ADMIX/allRS_poly_K4.admix.4.Q
Saved ancestral allele frequencies proportions as //users/j/n/jnzapata/projects/eco_genomics_2025/population_genomics/myresults/ANGSD/PCA_ADMIX/allRS_poly_K4.admix.4.P
Saved minor allele frequencies as //users/j/n/jnzapata/projects/eco_genomics_2025/population_genomics/myresults/ANGSD/PCA_ADMIX/allRS_poly_K4.freqs
Saved boolean vector of sites kept after filtering as //users/j/n/jnzapata/projects/eco_genomics_2025/population_genomics/myresults/ANGSD/PCA_ADMIX/allRS_poly_K4.sites
Total elapsed time: 4m9s
